[0.019s] Invoking command in '/home/suman/Q-learning/build/turtlebot3': AMENT_PREFIX_PATH=/home/suman/Q-learning/install/turtlebot3_bringup:/home/suman/Q-learning/install/turtlebot3_teleop:/home/suman/Q-learning/install/turtlebot3_node:/home/suman/Q-learning/install/turtlebot3_navigation2:/home/suman/Q-learning/install/turtlebot3_example:/home/suman/Q-learning/install/turtlebot3_description:/home/suman/Q-learning/install/turtlebot3_cartographer:${AMENT_PREFIX_PATH} CMAKE_PREFIX_PATH=/home/suman/Q-learning/install/turtlebot3_bringup:/home/suman/Q-learning/install/turtlebot3_node:/home/suman/Q-learning/install/turtlebot3_navigation2:/home/suman/Q-learning/install/turtlebot3_description:/home/suman/Q-learning/install/turtlebot3_cartographer:/opt/ros/foxy PYTHONPATH=/home/suman/Q-learning/install/turtlebot3_teleop/lib/python3.8/site-packages:/home/suman/Q-learning/install/turtlebot3_example/lib/python3.8/site-packages:${PYTHONPATH} /usr/bin/cmake /home/suman/Q-learning/src/turtlebot3/turtlebot3 -DCMAKE_INSTALL_PREFIX=/home/suman/Q-learning/install/turtlebot3
[0.078s] -- The C compiler identification is GNU 9.4.0
[0.140s] -- The CXX compiler identification is GNU 9.4.0
[0.147s] -- Check for working C compiler: /usr/bin/cc
[0.240s] -- Check for working C compiler: /usr/bin/cc -- works
[0.242s] -- Detecting C compiler ABI info
[0.321s] -- Detecting C compiler ABI info - done
[0.334s] -- Detecting C compile features
[0.334s] -- Detecting C compile features - done
[0.336s] -- Check for working CXX compiler: /usr/bin/c++
[0.420s] -- Check for working CXX compiler: /usr/bin/c++ -- works
[0.423s] -- Detecting CXX compiler ABI info
[0.523s] -- Detecting CXX compiler ABI info - done
[0.540s] -- Detecting CXX compile features
[0.540s] -- Detecting CXX compile features - done
[0.543s] -- Found ament_cmake: 0.9.9 (/opt/ros/foxy/share/ament_cmake/cmake)
[0.570s] -- Found PythonInterp: /usr/bin/python3 (found suitable version "3.8.10", minimum required is "3") 
[0.571s] -- Using PYTHON_EXECUTABLE: /usr/bin/python3
[0.810s] -- Configuring done
[0.814s] -- Generating done
[0.814s] -- Build files have been written to: /home/suman/Q-learning/build/turtlebot3
[0.818s] Invoked command in '/home/suman/Q-learning/build/turtlebot3' returned '0': AMENT_PREFIX_PATH=/home/suman/Q-learning/install/turtlebot3_bringup:/home/suman/Q-learning/install/turtlebot3_teleop:/home/suman/Q-learning/install/turtlebot3_node:/home/suman/Q-learning/install/turtlebot3_navigation2:/home/suman/Q-learning/install/turtlebot3_example:/home/suman/Q-learning/install/turtlebot3_description:/home/suman/Q-learning/install/turtlebot3_cartographer:${AMENT_PREFIX_PATH} CMAKE_PREFIX_PATH=/home/suman/Q-learning/install/turtlebot3_bringup:/home/suman/Q-learning/install/turtlebot3_node:/home/suman/Q-learning/install/turtlebot3_navigation2:/home/suman/Q-learning/install/turtlebot3_description:/home/suman/Q-learning/install/turtlebot3_cartographer:/opt/ros/foxy PYTHONPATH=/home/suman/Q-learning/install/turtlebot3_teleop/lib/python3.8/site-packages:/home/suman/Q-learning/install/turtlebot3_example/lib/python3.8/site-packages:${PYTHONPATH} /usr/bin/cmake /home/suman/Q-learning/src/turtlebot3/turtlebot3 -DCMAKE_INSTALL_PREFIX=/home/suman/Q-learning/install/turtlebot3
[0.822s] Invoking command in '/home/suman/Q-learning/build/turtlebot3': AMENT_PREFIX_PATH=/home/suman/Q-learning/install/turtlebot3_bringup:/home/suman/Q-learning/install/turtlebot3_teleop:/home/suman/Q-learning/install/turtlebot3_node:/home/suman/Q-learning/install/turtlebot3_navigation2:/home/suman/Q-learning/install/turtlebot3_example:/home/suman/Q-learning/install/turtlebot3_description:/home/suman/Q-learning/install/turtlebot3_cartographer:${AMENT_PREFIX_PATH} CMAKE_PREFIX_PATH=/home/suman/Q-learning/install/turtlebot3_bringup:/home/suman/Q-learning/install/turtlebot3_node:/home/suman/Q-learning/install/turtlebot3_navigation2:/home/suman/Q-learning/install/turtlebot3_description:/home/suman/Q-learning/install/turtlebot3_cartographer:/opt/ros/foxy PYTHONPATH=/home/suman/Q-learning/install/turtlebot3_teleop/lib/python3.8/site-packages:/home/suman/Q-learning/install/turtlebot3_example/lib/python3.8/site-packages:${PYTHONPATH} /usr/bin/cmake --build /home/suman/Q-learning/build/turtlebot3 -- -j12 -l12
[0.862s] Invoked command in '/home/suman/Q-learning/build/turtlebot3' returned '0': AMENT_PREFIX_PATH=/home/suman/Q-learning/install/turtlebot3_bringup:/home/suman/Q-learning/install/turtlebot3_teleop:/home/suman/Q-learning/install/turtlebot3_node:/home/suman/Q-learning/install/turtlebot3_navigation2:/home/suman/Q-learning/install/turtlebot3_example:/home/suman/Q-learning/install/turtlebot3_description:/home/suman/Q-learning/install/turtlebot3_cartographer:${AMENT_PREFIX_PATH} CMAKE_PREFIX_PATH=/home/suman/Q-learning/install/turtlebot3_bringup:/home/suman/Q-learning/install/turtlebot3_node:/home/suman/Q-learning/install/turtlebot3_navigation2:/home/suman/Q-learning/install/turtlebot3_description:/home/suman/Q-learning/install/turtlebot3_cartographer:/opt/ros/foxy PYTHONPATH=/home/suman/Q-learning/install/turtlebot3_teleop/lib/python3.8/site-packages:/home/suman/Q-learning/install/turtlebot3_example/lib/python3.8/site-packages:${PYTHONPATH} /usr/bin/cmake --build /home/suman/Q-learning/build/turtlebot3 -- -j12 -l12
[0.892s] Invoking command in '/home/suman/Q-learning/build/turtlebot3': AMENT_PREFIX_PATH=/home/suman/Q-learning/install/turtlebot3_bringup:/home/suman/Q-learning/install/turtlebot3_teleop:/home/suman/Q-learning/install/turtlebot3_node:/home/suman/Q-learning/install/turtlebot3_navigation2:/home/suman/Q-learning/install/turtlebot3_example:/home/suman/Q-learning/install/turtlebot3_description:/home/suman/Q-learning/install/turtlebot3_cartographer:${AMENT_PREFIX_PATH} CMAKE_PREFIX_PATH=/home/suman/Q-learning/install/turtlebot3_bringup:/home/suman/Q-learning/install/turtlebot3_node:/home/suman/Q-learning/install/turtlebot3_navigation2:/home/suman/Q-learning/install/turtlebot3_description:/home/suman/Q-learning/install/turtlebot3_cartographer:/opt/ros/foxy PYTHONPATH=/home/suman/Q-learning/install/turtlebot3_teleop/lib/python3.8/site-packages:/home/suman/Q-learning/install/turtlebot3_example/lib/python3.8/site-packages:${PYTHONPATH} /usr/bin/cmake --install /home/suman/Q-learning/build/turtlebot3
[0.899s] -- Install configuration: ""
[0.899s] -- Installing: /home/suman/Q-learning/install/turtlebot3/share/ament_index/resource_index/package_run_dependencies/turtlebot3
[0.899s] -- Installing: /home/suman/Q-learning/install/turtlebot3/share/ament_index/resource_index/parent_prefix_path/turtlebot3
[0.900s] -- Installing: /home/suman/Q-learning/install/turtlebot3/share/turtlebot3/environment/ament_prefix_path.sh
[0.900s] -- Installing: /home/suman/Q-learning/install/turtlebot3/share/turtlebot3/environment/ament_prefix_path.dsv
[0.900s] -- Installing: /home/suman/Q-learning/install/turtlebot3/share/turtlebot3/environment/path.sh
[0.900s] -- Installing: /home/suman/Q-learning/install/turtlebot3/share/turtlebot3/environment/path.dsv
[0.900s] -- Installing: /home/suman/Q-learning/install/turtlebot3/share/turtlebot3/local_setup.bash
[0.900s] -- Installing: /home/suman/Q-learning/install/turtlebot3/share/turtlebot3/local_setup.sh
[0.900s] -- Installing: /home/suman/Q-learning/install/turtlebot3/share/turtlebot3/local_setup.zsh
[0.901s] -- Installing: /home/suman/Q-learning/install/turtlebot3/share/turtlebot3/local_setup.dsv
[0.901s] -- Installing: /home/suman/Q-learning/install/turtlebot3/share/turtlebot3/package.dsv
[0.901s] -- Installing: /home/suman/Q-learning/install/turtlebot3/share/ament_index/resource_index/packages/turtlebot3
[0.901s] -- Installing: /home/suman/Q-learning/install/turtlebot3/share/turtlebot3/cmake/turtlebot3Config.cmake
[0.901s] -- Installing: /home/suman/Q-learning/install/turtlebot3/share/turtlebot3/cmake/turtlebot3Config-version.cmake
[0.901s] -- Installing: /home/suman/Q-learning/install/turtlebot3/share/turtlebot3/package.xml
[0.903s] Invoked command in '/home/suman/Q-learning/build/turtlebot3' returned '0': AMENT_PREFIX_PATH=/home/suman/Q-learning/install/turtlebot3_bringup:/home/suman/Q-learning/install/turtlebot3_teleop:/home/suman/Q-learning/install/turtlebot3_node:/home/suman/Q-learning/install/turtlebot3_navigation2:/home/suman/Q-learning/install/turtlebot3_example:/home/suman/Q-learning/install/turtlebot3_description:/home/suman/Q-learning/install/turtlebot3_cartographer:${AMENT_PREFIX_PATH} CMAKE_PREFIX_PATH=/home/suman/Q-learning/install/turtlebot3_bringup:/home/suman/Q-learning/install/turtlebot3_node:/home/suman/Q-learning/install/turtlebot3_navigation2:/home/suman/Q-learning/install/turtlebot3_description:/home/suman/Q-learning/install/turtlebot3_cartographer:/opt/ros/foxy PYTHONPATH=/home/suman/Q-learning/install/turtlebot3_teleop/lib/python3.8/site-packages:/home/suman/Q-learning/install/turtlebot3_example/lib/python3.8/site-packages:${PYTHONPATH} /usr/bin/cmake --install /home/suman/Q-learning/build/turtlebot3
