[0.058s] Invoking command in '/home/suman/Q-learning/build/turtlebot3_description': CMAKE_PREFIX_PATH=/opt/ros/foxy /usr/bin/cmake /home/suman/Q-learning/src/turtlebot3/turtlebot3_description -DCMAKE_INSTALL_PREFIX=/home/suman/Q-learning/install/turtlebot3_description
[0.286s] -- The C compiler identification is GNU 9.4.0
[0.324s] -- The CXX compiler identification is GNU 9.4.0
[0.332s] -- Check for working C compiler: /usr/bin/cc
[0.415s] -- Check for working C compiler: /usr/bin/cc -- works
[0.417s] -- Detecting C compiler ABI info
[0.502s] -- Detecting C compiler ABI info - done
[0.517s] -- Detecting C compile features
[0.518s] -- Detecting C compile features - done
[0.521s] -- Check for working CXX compiler: /usr/bin/c++
[0.626s] -- Check for working CXX compiler: /usr/bin/c++ -- works
[0.627s] -- Detecting CXX compiler ABI info
[0.741s] -- Detecting CXX compiler ABI info - done
[0.757s] -- Detecting CXX compile features
[0.758s] -- Detecting CXX compile features - done
[0.761s] -- Found ament_cmake: 0.9.9 (/opt/ros/foxy/share/ament_cmake/cmake)
[0.792s] -- Found PythonInterp: /usr/bin/python3 (found suitable version "3.8.10", minimum required is "3") 
[0.792s] -- Using PYTHON_EXECUTABLE: /usr/bin/python3
[1.018s] -- Found urdf: 2.4.0 (/opt/ros/foxy/share/urdf/cmake)
[1.140s] -- Configuring done
[1.142s] -- Generating done
[1.142s] -- Build files have been written to: /home/suman/Q-learning/build/turtlebot3_description
[1.152s] Invoked command in '/home/suman/Q-learning/build/turtlebot3_description' returned '0': CMAKE_PREFIX_PATH=/opt/ros/foxy /usr/bin/cmake /home/suman/Q-learning/src/turtlebot3/turtlebot3_description -DCMAKE_INSTALL_PREFIX=/home/suman/Q-learning/install/turtlebot3_description
[1.156s] Invoking command in '/home/suman/Q-learning/build/turtlebot3_description': CMAKE_PREFIX_PATH=/opt/ros/foxy /usr/bin/cmake --build /home/suman/Q-learning/build/turtlebot3_description -- -j12 -l12
[1.227s] Invoked command in '/home/suman/Q-learning/build/turtlebot3_description' returned '0': CMAKE_PREFIX_PATH=/opt/ros/foxy /usr/bin/cmake --build /home/suman/Q-learning/build/turtlebot3_description -- -j12 -l12
[1.260s] Invoking command in '/home/suman/Q-learning/build/turtlebot3_description': CMAKE_PREFIX_PATH=/opt/ros/foxy /usr/bin/cmake --install /home/suman/Q-learning/build/turtlebot3_description
[1.269s] -- Install configuration: ""
[1.269s] -- Installing: /home/suman/Q-learning/install/turtlebot3_description/share/turtlebot3_description/meshes
[1.269s] -- Installing: /home/suman/Q-learning/install/turtlebot3_description/share/turtlebot3_description/meshes/wheels
[1.269s] -- Installing: /home/suman/Q-learning/install/turtlebot3_description/share/turtlebot3_description/meshes/wheels/right_tire.stl
[1.270s] -- Installing: /home/suman/Q-learning/install/turtlebot3_description/share/turtlebot3_description/meshes/wheels/left_tire.stl
[1.271s] -- Installing: /home/suman/Q-learning/install/turtlebot3_description/share/turtlebot3_description/meshes/bases
[1.271s] -- Installing: /home/suman/Q-learning/install/turtlebot3_description/share/turtlebot3_description/meshes/bases/waffle_pi_base.stl
[1.278s] -- Installing: /home/suman/Q-learning/install/turtlebot3_description/share/turtlebot3_description/meshes/bases/burger_base.stl
[1.281s] -- Installing: /home/suman/Q-learning/install/turtlebot3_description/share/turtlebot3_description/meshes/bases/waffle_base.stl
[1.294s] -- Installing: /home/suman/Q-learning/install/turtlebot3_description/share/turtlebot3_description/meshes/sensors
[1.294s] -- Installing: /home/suman/Q-learning/install/turtlebot3_description/share/turtlebot3_description/meshes/sensors/astra.jpg
[1.294s] -- Installing: /home/suman/Q-learning/install/turtlebot3_description/share/turtlebot3_description/meshes/sensors/lds.stl
[1.294s] -- Installing: /home/suman/Q-learning/install/turtlebot3_description/share/turtlebot3_description/meshes/sensors/r200.dae
[1.294s] -- Installing: /home/suman/Q-learning/install/turtlebot3_description/share/turtlebot3_description/meshes/sensors/astra.dae
[1.304s] -- Installing: /home/suman/Q-learning/install/turtlebot3_description/share/turtlebot3_description/meshes/sensors/r200.jpg
[1.304s] -- Installing: /home/suman/Q-learning/install/turtlebot3_description/share/turtlebot3_description/rviz
[1.304s] -- Installing: /home/suman/Q-learning/install/turtlebot3_description/share/turtlebot3_description/rviz/model.rviz
[1.304s] -- Installing: /home/suman/Q-learning/install/turtlebot3_description/share/turtlebot3_description/urdf
[1.305s] -- Installing: /home/suman/Q-learning/install/turtlebot3_description/share/turtlebot3_description/urdf/turtlebot3_waffle.urdf
[1.305s] -- Installing: /home/suman/Q-learning/install/turtlebot3_description/share/turtlebot3_description/urdf/turtlebot3_waffle_pi.urdf
[1.305s] -- Installing: /home/suman/Q-learning/install/turtlebot3_description/share/turtlebot3_description/urdf/common_properties.urdf
[1.305s] -- Installing: /home/suman/Q-learning/install/turtlebot3_description/share/turtlebot3_description/urdf/turtlebot3_burger.urdf
[1.305s] -- Installing: /home/suman/Q-learning/install/turtlebot3_description/share/ament_index/resource_index/package_run_dependencies/turtlebot3_description
[1.305s] -- Installing: /home/suman/Q-learning/install/turtlebot3_description/share/ament_index/resource_index/parent_prefix_path/turtlebot3_description
[1.305s] -- Installing: /home/suman/Q-learning/install/turtlebot3_description/share/turtlebot3_description/environment/ament_prefix_path.sh
[1.305s] -- Installing: /home/suman/Q-learning/install/turtlebot3_description/share/turtlebot3_description/environment/ament_prefix_path.dsv
[1.305s] -- Installing: /home/suman/Q-learning/install/turtlebot3_description/share/turtlebot3_description/environment/path.sh
[1.305s] -- Installing: /home/suman/Q-learning/install/turtlebot3_description/share/turtlebot3_description/environment/path.dsv
[1.305s] -- Installing: /home/suman/Q-learning/install/turtlebot3_description/share/turtlebot3_description/local_setup.bash
[1.306s] -- Installing: /home/suman/Q-learning/install/turtlebot3_description/share/turtlebot3_description/local_setup.sh
[1.306s] -- Installing: /home/suman/Q-learning/install/turtlebot3_description/share/turtlebot3_description/local_setup.zsh
[1.306s] -- Installing: /home/suman/Q-learning/install/turtlebot3_description/share/turtlebot3_description/local_setup.dsv
[1.306s] -- Installing: /home/suman/Q-learning/install/turtlebot3_description/share/turtlebot3_description/package.dsv
[1.306s] -- Installing: /home/suman/Q-learning/install/turtlebot3_description/share/ament_index/resource_index/packages/turtlebot3_description
[1.306s] -- Installing: /home/suman/Q-learning/install/turtlebot3_description/share/turtlebot3_description/cmake/turtlebot3_descriptionConfig.cmake
[1.306s] -- Installing: /home/suman/Q-learning/install/turtlebot3_description/share/turtlebot3_description/cmake/turtlebot3_descriptionConfig-version.cmake
[1.306s] -- Installing: /home/suman/Q-learning/install/turtlebot3_description/share/turtlebot3_description/package.xml
[1.309s] Invoked command in '/home/suman/Q-learning/build/turtlebot3_description' returned '0': CMAKE_PREFIX_PATH=/opt/ros/foxy /usr/bin/cmake --install /home/suman/Q-learning/build/turtlebot3_description
