[1.090s] Invoking command in '/home/suman/Q-learning/src/turtlebot3/turtlebot3_teleop': PYTHONPATH=/home/suman/Q-learning/install/turtlebot3_teleop/lib/python3.8/site-packages:${PYTHONPATH} /usr/bin/python3 setup.py egg_info --egg-base ../../../build/turtlebot3_teleop build --build-base /home/suman/Q-learning/build/turtlebot3_teleop/build install --prefix /home/suman/Q-learning/install/turtlebot3_teleop --record /home/suman/Q-learning/build/turtlebot3_teleop/install.log --single-version-externally-managed
[1.345s] running egg_info
[1.347s] creating ../../../build/turtlebot3_teleop/turtlebot3_teleop.egg-info
[1.350s] writing ../../../build/turtlebot3_teleop/turtlebot3_teleop.egg-info/PKG-INFO
[1.350s] writing dependency_links to ../../../build/turtlebot3_teleop/turtlebot3_teleop.egg-info/dependency_links.txt
[1.350s] writing entry points to ../../../build/turtlebot3_teleop/turtlebot3_teleop.egg-info/entry_points.txt
[1.351s] writing requirements to ../../../build/turtlebot3_teleop/turtlebot3_teleop.egg-info/requires.txt
[1.351s] writing top-level names to ../../../build/turtlebot3_teleop/turtlebot3_teleop.egg-info/top_level.txt
[1.351s] writing manifest file '../../../build/turtlebot3_teleop/turtlebot3_teleop.egg-info/SOURCES.txt'
[1.371s] reading manifest file '../../../build/turtlebot3_teleop/turtlebot3_teleop.egg-info/SOURCES.txt'
[1.372s] writing manifest file '../../../build/turtlebot3_teleop/turtlebot3_teleop.egg-info/SOURCES.txt'
[1.372s] running build
[1.372s] running build_py
[1.373s] creating /home/suman/Q-learning/build/turtlebot3_teleop/build
[1.373s] creating /home/suman/Q-learning/build/turtlebot3_teleop/build/lib
[1.373s] creating /home/suman/Q-learning/build/turtlebot3_teleop/build/lib/turtlebot3_teleop
[1.373s] copying turtlebot3_teleop/__init__.py -> /home/suman/Q-learning/build/turtlebot3_teleop/build/lib/turtlebot3_teleop
[1.373s] creating /home/suman/Q-learning/build/turtlebot3_teleop/build/lib/turtlebot3_teleop/script
[1.373s] copying turtlebot3_teleop/script/teleop_keyboard.py -> /home/suman/Q-learning/build/turtlebot3_teleop/build/lib/turtlebot3_teleop/script
[1.373s] copying turtlebot3_teleop/script/__init__.py -> /home/suman/Q-learning/build/turtlebot3_teleop/build/lib/turtlebot3_teleop/script
[1.373s] running install
[1.375s] running install_lib
[1.376s] creating /home/suman/Q-learning/install/turtlebot3_teleop/lib/python3.8/site-packages/turtlebot3_teleop
[1.376s] creating /home/suman/Q-learning/install/turtlebot3_teleop/lib/python3.8/site-packages/turtlebot3_teleop/script
[1.376s] copying /home/suman/Q-learning/build/turtlebot3_teleop/build/lib/turtlebot3_teleop/script/teleop_keyboard.py -> /home/suman/Q-learning/install/turtlebot3_teleop/lib/python3.8/site-packages/turtlebot3_teleop/script
[1.376s] copying /home/suman/Q-learning/build/turtlebot3_teleop/build/lib/turtlebot3_teleop/script/__init__.py -> /home/suman/Q-learning/install/turtlebot3_teleop/lib/python3.8/site-packages/turtlebot3_teleop/script
[1.376s] copying /home/suman/Q-learning/build/turtlebot3_teleop/build/lib/turtlebot3_teleop/__init__.py -> /home/suman/Q-learning/install/turtlebot3_teleop/lib/python3.8/site-packages/turtlebot3_teleop
[1.377s] byte-compiling /home/suman/Q-learning/install/turtlebot3_teleop/lib/python3.8/site-packages/turtlebot3_teleop/script/teleop_keyboard.py to teleop_keyboard.cpython-38.pyc
[1.379s] byte-compiling /home/suman/Q-learning/install/turtlebot3_teleop/lib/python3.8/site-packages/turtlebot3_teleop/script/__init__.py to __init__.cpython-38.pyc
[1.379s] byte-compiling /home/suman/Q-learning/install/turtlebot3_teleop/lib/python3.8/site-packages/turtlebot3_teleop/__init__.py to __init__.cpython-38.pyc
[1.379s] running install_data
[1.380s] creating /home/suman/Q-learning/install/turtlebot3_teleop/share/ament_index
[1.380s] creating /home/suman/Q-learning/install/turtlebot3_teleop/share/ament_index/resource_index
[1.380s] creating /home/suman/Q-learning/install/turtlebot3_teleop/share/ament_index/resource_index/packages
[1.380s] copying resource/turtlebot3_teleop -> /home/suman/Q-learning/install/turtlebot3_teleop/share/ament_index/resource_index/packages
[1.380s] copying package.xml -> /home/suman/Q-learning/install/turtlebot3_teleop/share/turtlebot3_teleop
[1.380s] running install_egg_info
[1.383s] Copying ../../../build/turtlebot3_teleop/turtlebot3_teleop.egg-info to /home/suman/Q-learning/install/turtlebot3_teleop/lib/python3.8/site-packages/turtlebot3_teleop-2.1.4-py3.8.egg-info
[1.383s] running install_scripts
[1.402s] Installing teleop_keyboard script to /home/suman/Q-learning/install/turtlebot3_teleop/lib/turtlebot3_teleop
[1.402s] writing list of installed files to '/home/suman/Q-learning/build/turtlebot3_teleop/install.log'
[1.440s] Invoked command in '/home/suman/Q-learning/src/turtlebot3/turtlebot3_teleop' returned '0': PYTHONPATH=/home/suman/Q-learning/install/turtlebot3_teleop/lib/python3.8/site-packages:${PYTHONPATH} /usr/bin/python3 setup.py egg_info --egg-base ../../../build/turtlebot3_teleop build --build-base /home/suman/Q-learning/build/turtlebot3_teleop/build install --prefix /home/suman/Q-learning/install/turtlebot3_teleop --record /home/suman/Q-learning/build/turtlebot3_teleop/install.log --single-version-externally-managed
