[0.025s] Invoking command in '/home/suman/Q-learning/build/turtlebot3_gazebo': AMENT_PREFIX_PATH=/home/suman/Q-learning/install/turtlebot3_description:${AMENT_PREFIX_PATH} CMAKE_PREFIX_PATH=/home/suman/Q-learning/install/turtlebot3_description:/opt/ros/foxy /usr/bin/cmake /home/suman/Q-learning/src/turtlebot3_simulations/turtlebot3_gazebo -DCMAKE_INSTALL_PREFIX=/home/suman/Q-learning/install/turtlebot3_gazebo
[0.088s] -- The C compiler identification is GNU 9.4.0
[0.143s] -- The CXX compiler identification is GNU 9.4.0
[0.147s] -- Check for working C compiler: /usr/bin/cc
[0.211s] -- Check for working C compiler: /usr/bin/cc -- works
[0.212s] -- Detecting C compiler ABI info
[0.289s] -- Detecting C compiler ABI info - done
[0.301s] -- Detecting C compile features
[0.301s] -- Detecting C compile features - done
[0.303s] -- Check for working CXX compiler: /usr/bin/c++
[0.393s] -- Check for working CXX compiler: /usr/bin/c++ -- works
[0.395s] -- Detecting CXX compiler ABI info
[0.483s] -- Detecting CXX compiler ABI info - done
[0.494s] -- Detecting CXX compile features
[0.494s] -- Detecting CXX compile features - done
[0.497s] -- Found ament_cmake: 0.9.9 (/opt/ros/foxy/share/ament_cmake/cmake)
[0.522s] -- Found PythonInterp: /usr/bin/python3 (found suitable version "3.8.10", minimum required is "3") 
[0.523s] -- Using PYTHON_EXECUTABLE: /usr/bin/python3
[0.710s] -- Found PkgConfig: /usr/bin/pkg-config (found version "0.29.1") 
[0.716s] -- Checking for module 'bullet>=2.82'
[0.739s] --   Found bullet, version 2.88
[0.901s] -- Found ccd: /usr/include (found suitable version "2.0", minimum required is "2.0") 
[0.989s] -- Found fcl: /usr/include (found suitable version "0.5.0", minimum required is "0.3.2") 
[1.076s] -- Found assimp: /usr/include (found version "5.0.0") 
[1.105s] -- Found DART: /usr/include (Required is at least version "6.6") found components: dart 
[1.482s] -- Found Boost: /usr/lib/x86_64-linux-gnu/cmake/Boost-1.71.0/BoostConfig.cmake (found suitable version "1.71.0", minimum required is "1.40.0") found components: thread system filesystem program_options regex iostreams date_time 
[1.584s] -- Found Protobuf: /usr/lib/x86_64-linux-gnu/libprotobuf.so;-lpthread (found version "3.6.1") 
[1.599s] -- Looking for ignition-math6 -- found version 6.9.2
[1.621s] -- Searching for dependencies of ignition-math6
[1.625s] -- Looking for OGRE...
[1.626s] -- OGRE_PREFIX_WATCH changed.
[1.643s] -- Checking for module 'OGRE'
[1.726s] --   Found OGRE, version 1.9.0
[2.006s] -- Found Ogre Ghadamon (1.9.0)
[2.042s] -- Found OGRE: optimized;/usr/lib/x86_64-linux-gnu/libOgreMain.so;debug;/usr/lib/x86_64-linux-gnu/libOgreMain.so
[2.060s] -- Looking for OGRE_Paging...
[2.084s] -- Found OGRE_Paging: optimized;/usr/lib/x86_64-linux-gnu/libOgrePaging.so;debug;/usr/lib/x86_64-linux-gnu/libOgrePaging.so
[2.084s] -- Looking for OGRE_Terrain...
[2.107s] -- Found OGRE_Terrain: optimized;/usr/lib/x86_64-linux-gnu/libOgreTerrain.so;debug;/usr/lib/x86_64-linux-gnu/libOgreTerrain.so
[2.107s] -- Looking for OGRE_Property...
[2.129s] -- Found OGRE_Property: optimized;/usr/lib/x86_64-linux-gnu/libOgreProperty.so;debug;/usr/lib/x86_64-linux-gnu/libOgreProperty.so
[2.130s] -- Looking for OGRE_RTShaderSystem...
[2.155s] -- Found OGRE_RTShaderSystem: optimized;/usr/lib/x86_64-linux-gnu/libOgreRTShaderSystem.so;debug;/usr/lib/x86_64-linux-gnu/libOgreRTShaderSystem.so
[2.155s] -- Looking for OGRE_Volume...
[2.180s] -- Found OGRE_Volume: optimized;/usr/lib/x86_64-linux-gnu/libOgreVolume.so;debug;/usr/lib/x86_64-linux-gnu/libOgreVolume.so
[2.181s] -- Looking for OGRE_Overlay...
[2.202s] -- Found OGRE_Overlay: optimized;/usr/lib/x86_64-linux-gnu/libOgreOverlay.so;debug;/usr/lib/x86_64-linux-gnu/libOgreOverlay.so
[2.603s] -- Looking for ignition-math6 -- found version 6.9.2
[2.606s] -- Looking for ignition-transport8 -- found version 8.2.1
[2.606s] -- Searching for dependencies of ignition-transport8
[2.636s] -- Found Protobuf: /usr/lib/x86_64-linux-gnu/libprotobuf.so;-lpthread (found suitable version "3.6.1", minimum required is "3") 
[2.654s] -- Config-file not installed for ZeroMQ -- checking for pkg-config
[2.662s] -- Checking for module 'libzmq >= 4'
[2.702s] --   Found libzmq , version 4.3.2
[2.786s] -- Found ZeroMQ: TRUE (Required is at least version "4") 
[2.797s] -- Checking for module 'uuid'
[2.827s] --   Found uuid, version 2.34.0
[2.911s] -- Found UUID: TRUE  
[2.915s] -- Looking for ignition-msgs5 -- found version 5.8.1
[2.917s] -- Searching for dependencies of ignition-msgs5
[2.945s] -- Looking for ignition-math6 -- found version 6.9.2
[2.955s] -- Checking for module 'tinyxml2'
[2.990s] --   Found tinyxml2, version 6.2.0
[3.075s] -- Looking for ignition-msgs5 -- found version 5.8.1
[3.080s] -- Looking for ignition-common3 -- found version 3.14.0
[3.082s] -- Searching for dependencies of ignition-common3
[3.083s] -- Looking for dlfcn.h - found
[3.086s] -- Looking for libdl - found
[3.089s] -- Found DL: TRUE  
[3.102s] -- Searching for <ignition-common3> component [graphics]
[3.105s] -- Looking for ignition-common3-graphics -- found version 3.14.0
[3.107s] -- Searching for dependencies of ignition-common3-graphics
[3.108s] -- Looking for ignition-math6 -- found version 6.9.2
[3.114s] -- Looking for ignition-fuel_tools4 -- found version 4.4.0
[3.116s] -- Searching for dependencies of ignition-fuel_tools4
[3.281s] -- Found CURL: /usr/lib/x86_64-linux-gnu/libcurl.so (found version "7.68.0")  
[3.296s] -- Checking for module 'jsoncpp'
[3.328s] --   Found jsoncpp, version 1.7.4
[3.411s] -- Found JSONCPP: TRUE  
[3.423s] -- Checking for module 'libzip'
[3.459s] --   Found libzip, version 1.5.1
[3.539s] -- Found ZIP: TRUE  
[3.540s] -- Looking for ignition-common3 -- found version 3.14.0
[3.542s] -- Looking for ignition-math6 -- found version 6.9.2
[3.544s] -- Looking for ignition-msgs5 -- found version 5.8.1
[3.549s] -- Found gazebo_ros_pkgs: 3.5.3 (/opt/ros/foxy/share/gazebo_ros_pkgs/cmake)
[3.552s] -- Found geometry_msgs: 2.0.5 (/opt/ros/foxy/share/geometry_msgs/cmake)
[3.591s] -- Using all available rosidl_typesupport_c: rosidl_typesupport_fastrtps_c;rosidl_typesupport_introspection_c
[3.601s] -- Found rosidl_adapter: 1.2.1 (/opt/ros/foxy/share/rosidl_adapter/cmake)
[3.753s] -- Found OpenSSL: /usr/lib/x86_64-linux-gnu/libcrypto.so (found version "1.1.1f")  
[3.805s] -- Found FastRTPS: /opt/ros/foxy/include  
[3.928s] -- Using all available rosidl_typesupport_cpp: rosidl_typesupport_fastrtps_cpp;rosidl_typesupport_introspection_cpp
[4.056s] -- Found nav_msgs: 2.0.5 (/opt/ros/foxy/share/nav_msgs/cmake)
[4.147s] -- Found rclcpp: 2.4.1 (/opt/ros/foxy/share/rclcpp/cmake)
[4.205s] -- Found rmw_implementation_cmake: 1.0.3 (/opt/ros/foxy/share/rmw_implementation_cmake/cmake)
[4.207s] -- Using RMW implementation 'rmw_fastrtps_cpp' as default
[4.210s] -- Found Threads: TRUE  
[4.397s] -- Found sensor_msgs: 2.0.5 (/opt/ros/foxy/share/sensor_msgs/cmake)
[4.486s] -- Found tf2: 0.13.13 (/opt/ros/foxy/share/tf2/cmake)
[4.501s] -- Found std_srvs: 2.0.5 (/opt/ros/foxy/share/std_srvs/cmake)
[4.622s] -- Configuring done
[4.707s] -- Generating done
[4.711s] -- Build files have been written to: /home/suman/Q-learning/build/turtlebot3_gazebo
[4.744s] Invoked command in '/home/suman/Q-learning/build/turtlebot3_gazebo' returned '0': AMENT_PREFIX_PATH=/home/suman/Q-learning/install/turtlebot3_description:${AMENT_PREFIX_PATH} CMAKE_PREFIX_PATH=/home/suman/Q-learning/install/turtlebot3_description:/opt/ros/foxy /usr/bin/cmake /home/suman/Q-learning/src/turtlebot3_simulations/turtlebot3_gazebo -DCMAKE_INSTALL_PREFIX=/home/suman/Q-learning/install/turtlebot3_gazebo
[4.749s] Invoking command in '/home/suman/Q-learning/build/turtlebot3_gazebo': AMENT_PREFIX_PATH=/home/suman/Q-learning/install/turtlebot3_description:${AMENT_PREFIX_PATH} CMAKE_PREFIX_PATH=/home/suman/Q-learning/install/turtlebot3_description:/opt/ros/foxy /usr/bin/cmake --build /home/suman/Q-learning/build/turtlebot3_gazebo -- -j12 -l12
[4.818s] [35m[1mScanning dependencies of target obstacle1[0m
[4.818s] [35m[1mScanning dependencies of target q_learning[0m
[4.835s] [35m[1mScanning dependencies of target obstacle2[0m
[4.863s] [35m[1mScanning dependencies of target obstacles[0m
[4.874s] [35m[1mScanning dependencies of target turtlebot3_drive[0m
[4.897s] [35m[1mScanning dependencies of target run_demo[0m
[4.997s] [  8%] [32mBuilding CXX object CMakeFiles/q_learning.dir/src/qlearning.cpp.o[0m
[5.010s] [ 16%] [32mBuilding CXX object CMakeFiles/turtlebot3_drive.dir/src/turtlebot3_drive.cpp.o[0m
[5.018s] [ 25%] [32mBuilding CXX object CMakeFiles/run_demo.dir/src/run_demo.cpp.o[0m
[5.091s] [ 33%] [32mBuilding CXX object CMakeFiles/obstacle1.dir/models/turtlebot3_dqn_world/obstacle_plugin/obstacle1.cc.o[0m
[5.142s] [ 41%] [32mBuilding CXX object CMakeFiles/obstacle2.dir/models/turtlebot3_dqn_world/obstacle_plugin/obstacle2.cc.o[0m
[5.163s] [ 50%] [32mBuilding CXX object CMakeFiles/obstacles.dir/models/turtlebot3_dqn_world/obstacle_plugin/obstacles.cc.o[0m
[15.705s] [ 58%] [32m[1mLinking CXX executable turtlebot3_drive[0m
[16.105s] [ 66%] [32m[1mLinking CXX executable run_demo[0m
[16.465s] [ 75%] [32m[1mLinking CXX executable q_learning[0m
[16.476s] [ 75%] Built target turtlebot3_drive
[16.809s] [ 75%] Built target run_demo
[17.072s] [ 75%] Built target q_learning
[19.048s] [ 83%] [32m[1mLinking CXX shared library libobstacles.so[0m
[19.407s] [ 91%] [32m[1mLinking CXX shared library libobstacle2.so[0m
[19.515s] [ 91%] Built target obstacles
[19.657s] [100%] [32m[1mLinking CXX shared library libobstacle1.so[0m
[19.900s] [100%] Built target obstacle2
[20.073s] [100%] Built target obstacle1
[20.084s] Invoked command in '/home/suman/Q-learning/build/turtlebot3_gazebo' returned '0': AMENT_PREFIX_PATH=/home/suman/Q-learning/install/turtlebot3_description:${AMENT_PREFIX_PATH} CMAKE_PREFIX_PATH=/home/suman/Q-learning/install/turtlebot3_description:/opt/ros/foxy /usr/bin/cmake --build /home/suman/Q-learning/build/turtlebot3_gazebo -- -j12 -l12
[20.138s] Invoking command in '/home/suman/Q-learning/build/turtlebot3_gazebo': AMENT_PREFIX_PATH=/home/suman/Q-learning/install/turtlebot3_description:${AMENT_PREFIX_PATH} CMAKE_PREFIX_PATH=/home/suman/Q-learning/install/turtlebot3_description:/opt/ros/foxy /usr/bin/cmake --install /home/suman/Q-learning/build/turtlebot3_gazebo
[20.146s] -- Install configuration: ""
[20.146s] -- Installing: /home/suman/Q-learning/install/turtlebot3_gazebo/lib/turtlebot3_gazebo/turtlebot3_drive
[20.148s] -- Set runtime path of "/home/suman/Q-learning/install/turtlebot3_gazebo/lib/turtlebot3_gazebo/turtlebot3_drive" to ""
[20.148s] -- Installing: /home/suman/Q-learning/install/turtlebot3_gazebo/lib/turtlebot3_gazebo/q_learning
[20.151s] -- Set runtime path of "/home/suman/Q-learning/install/turtlebot3_gazebo/lib/turtlebot3_gazebo/q_learning" to ""
[20.151s] -- Installing: /home/suman/Q-learning/install/turtlebot3_gazebo/lib/turtlebot3_gazebo/run_demo
[20.153s] -- Set runtime path of "/home/suman/Q-learning/install/turtlebot3_gazebo/lib/turtlebot3_gazebo/run_demo" to ""
[20.153s] -- Installing: /home/suman/Q-learning/install/turtlebot3_gazebo/share/turtlebot3_gazebo//launch
[20.153s] -- Installing: /home/suman/Q-learning/install/turtlebot3_gazebo/share/turtlebot3_gazebo//launch/turtlebot3_house.launch.py
[20.154s] -- Installing: /home/suman/Q-learning/install/turtlebot3_gazebo/share/turtlebot3_gazebo//launch/turtlebot3_autorace.launch.py
[20.154s] -- Installing: /home/suman/Q-learning/install/turtlebot3_gazebo/share/turtlebot3_gazebo//launch/demo.launch.py
[20.154s] -- Installing: /home/suman/Q-learning/install/turtlebot3_gazebo/share/turtlebot3_gazebo//launch/empty_world.launch.py
[20.154s] -- Installing: /home/suman/Q-learning/install/turtlebot3_gazebo/share/turtlebot3_gazebo//launch/turtlebot3_world.launch.py
[20.154s] -- Installing: /home/suman/Q-learning/install/turtlebot3_gazebo/share/turtlebot3_gazebo//launch/turtlebot3_dqn_stage3.launch.py
[20.154s] -- Installing: /home/suman/Q-learning/install/turtlebot3_gazebo/share/turtlebot3_gazebo//launch/robot_state_publisher.launch.py
[20.154s] -- Installing: /home/suman/Q-learning/install/turtlebot3_gazebo/share/turtlebot3_gazebo//launch/turtlebot3_dqn_stage2.launch.py
[20.154s] -- Installing: /home/suman/Q-learning/install/turtlebot3_gazebo/share/turtlebot3_gazebo//launch/turtlebot3_dqn_stage1.launch.py
[20.154s] -- Installing: /home/suman/Q-learning/install/turtlebot3_gazebo/share/turtlebot3_gazebo//launch/training.launch.py
[20.154s] -- Installing: /home/suman/Q-learning/install/turtlebot3_gazebo/share/turtlebot3_gazebo//launch/turtlebot3_maze.launch.py
[20.154s] -- Installing: /home/suman/Q-learning/install/turtlebot3_gazebo/share/turtlebot3_gazebo//launch/turtlebot3_dqn_stage4.launch.py
[20.154s] -- Installing: /home/suman/Q-learning/install/turtlebot3_gazebo/share/turtlebot3_gazebo//models
[20.154s] -- Installing: /home/suman/Q-learning/install/turtlebot3_gazebo/share/turtlebot3_gazebo//models/demo
[20.154s] -- Installing: /home/suman/Q-learning/install/turtlebot3_gazebo/share/turtlebot3_gazebo//models/demo/model.config
[20.155s] -- Installing: /home/suman/Q-learning/install/turtlebot3_gazebo/share/turtlebot3_gazebo//models/demo/obstacles
[20.155s] -- Installing: /home/suman/Q-learning/install/turtlebot3_gazebo/share/turtlebot3_gazebo//models/demo/obstacles/model.config
[20.155s] -- Installing: /home/suman/Q-learning/install/turtlebot3_gazebo/share/turtlebot3_gazebo//models/demo/obstacles/model.sdf
[20.155s] -- Installing: /home/suman/Q-learning/install/turtlebot3_gazebo/share/turtlebot3_gazebo//models/demo/model.sdf
[20.155s] -- Installing: /home/suman/Q-learning/install/turtlebot3_gazebo/share/turtlebot3_gazebo//models/demo/obstacle_plugin
[20.155s] -- Installing: /home/suman/Q-learning/install/turtlebot3_gazebo/share/turtlebot3_gazebo//models/demo/obstacle_plugin/obstacle2.cc
[20.155s] -- Installing: /home/suman/Q-learning/install/turtlebot3_gazebo/share/turtlebot3_gazebo//models/demo/obstacle_plugin/obstacles.cc
[20.155s] -- Installing: /home/suman/Q-learning/install/turtlebot3_gazebo/share/turtlebot3_gazebo//models/demo/obstacle_plugin/CMakeLists.txt
[20.155s] -- Installing: /home/suman/Q-learning/install/turtlebot3_gazebo/share/turtlebot3_gazebo//models/demo/obstacle_plugin/obstacle1.cc
[20.155s] -- Installing: /home/suman/Q-learning/install/turtlebot3_gazebo/share/turtlebot3_gazebo//models/demo/goal_box
[20.155s] -- Installing: /home/suman/Q-learning/install/turtlebot3_gazebo/share/turtlebot3_gazebo//models/demo/goal_box/model.config
[20.155s] -- Installing: /home/suman/Q-learning/install/turtlebot3_gazebo/share/turtlebot3_gazebo//models/demo/goal_box/model.sdf
[20.155s] -- Installing: /home/suman/Q-learning/install/turtlebot3_gazebo/share/turtlebot3_gazebo//models/demo/start_box
[20.155s] -- Installing: /home/suman/Q-learning/install/turtlebot3_gazebo/share/turtlebot3_gazebo//models/demo/start_box/model.config
[20.155s] -- Installing: /home/suman/Q-learning/install/turtlebot3_gazebo/share/turtlebot3_gazebo//models/demo/start_box/model.sdf
[20.155s] -- Installing: /home/suman/Q-learning/install/turtlebot3_gazebo/share/turtlebot3_gazebo//models/turtlebot3_maze_world
[20.155s] -- Installing: /home/suman/Q-learning/install/turtlebot3_gazebo/share/turtlebot3_gazebo//models/turtlebot3_maze_world/model.config
[20.155s] -- Installing: /home/suman/Q-learning/install/turtlebot3_gazebo/share/turtlebot3_gazebo//models/turtlebot3_maze_world/model.sdf
[20.156s] -- Installing: /home/suman/Q-learning/install/turtlebot3_gazebo/share/turtlebot3_gazebo//models/turtlebot3_waffle
[20.156s] -- Installing: /home/suman/Q-learning/install/turtlebot3_gazebo/share/turtlebot3_gazebo//models/turtlebot3_waffle/model.config
[20.156s] -- Installing: /home/suman/Q-learning/install/turtlebot3_gazebo/share/turtlebot3_gazebo//models/turtlebot3_waffle/model-1_4.sdf
[20.156s] -- Installing: /home/suman/Q-learning/install/turtlebot3_gazebo/share/turtlebot3_gazebo//models/turtlebot3_waffle/model.sdf
[20.156s] -- Installing: /home/suman/Q-learning/install/turtlebot3_gazebo/share/turtlebot3_gazebo//models/turtlebot3_waffle/meshes
[20.156s] -- Installing: /home/suman/Q-learning/install/turtlebot3_gazebo/share/turtlebot3_gazebo//models/turtlebot3_waffle/meshes/r200.dae
[20.156s] -- Installing: /home/suman/Q-learning/install/turtlebot3_gazebo/share/turtlebot3_gazebo//models/turtlebot3_waffle/meshes/tire.dae
[20.157s] -- Installing: /home/suman/Q-learning/install/turtlebot3_gazebo/share/turtlebot3_gazebo//models/turtlebot3_waffle/meshes/lds.dae
[20.157s] -- Installing: /home/suman/Q-learning/install/turtlebot3_gazebo/share/turtlebot3_gazebo//models/turtlebot3_waffle/meshes/waffle_base.dae
[20.157s] -- Installing: /home/suman/Q-learning/install/turtlebot3_gazebo/share/turtlebot3_gazebo//models/turtlebot3_world
[20.157s] -- Installing: /home/suman/Q-learning/install/turtlebot3_gazebo/share/turtlebot3_gazebo//models/turtlebot3_world/model.config
[20.157s] -- Installing: /home/suman/Q-learning/install/turtlebot3_gazebo/share/turtlebot3_gazebo//models/turtlebot3_world/model-1_4.sdf
[20.158s] -- Installing: /home/suman/Q-learning/install/turtlebot3_gazebo/share/turtlebot3_gazebo//models/turtlebot3_world/model.sdf
[20.158s] -- Installing: /home/suman/Q-learning/install/turtlebot3_gazebo/share/turtlebot3_gazebo//models/turtlebot3_world/meshes
[20.158s] -- Installing: /home/suman/Q-learning/install/turtlebot3_gazebo/share/turtlebot3_gazebo//models/turtlebot3_world/meshes/wall.dae
[20.158s] -- Installing: /home/suman/Q-learning/install/turtlebot3_gazebo/share/turtlebot3_gazebo//models/turtlebot3_world/meshes/hexagon.dae
[20.158s] -- Installing: /home/suman/Q-learning/install/turtlebot3_gazebo/share/turtlebot3_gazebo//models/turtlebot3_burger
[20.158s] -- Installing: /home/suman/Q-learning/install/turtlebot3_gazebo/share/turtlebot3_gazebo//models/turtlebot3_burger/model.config
[20.158s] -- Installing: /home/suman/Q-learning/install/turtlebot3_gazebo/share/turtlebot3_gazebo//models/turtlebot3_burger/model-1_4.sdf
[20.158s] -- Installing: /home/suman/Q-learning/install/turtlebot3_gazebo/share/turtlebot3_gazebo//models/turtlebot3_burger/model.sdf
[20.159s] -- Installing: /home/suman/Q-learning/install/turtlebot3_gazebo/share/turtlebot3_gazebo//models/turtlebot3_burger/meshes
[20.159s] -- Installing: /home/suman/Q-learning/install/turtlebot3_gazebo/share/turtlebot3_gazebo//models/turtlebot3_burger/meshes/burger_base.dae
[20.159s] -- Installing: /home/suman/Q-learning/install/turtlebot3_gazebo/share/turtlebot3_gazebo//models/turtlebot3_burger/meshes/tire.dae
[20.159s] -- Installing: /home/suman/Q-learning/install/turtlebot3_gazebo/share/turtlebot3_gazebo//models/turtlebot3_burger/meshes/lds.dae
[20.159s] -- Installing: /home/suman/Q-learning/install/turtlebot3_gazebo/share/turtlebot3_gazebo//models/turtlebot3_autorace
[20.159s] -- Installing: /home/suman/Q-learning/install/turtlebot3_gazebo/share/turtlebot3_gazebo//models/turtlebot3_autorace/model.config
[20.159s] -- Installing: /home/suman/Q-learning/install/turtlebot3_gazebo/share/turtlebot3_gazebo//models/turtlebot3_autorace/traffic_light_yellow
[20.159s] -- Installing: /home/suman/Q-learning/install/turtlebot3_gazebo/share/turtlebot3_gazebo//models/turtlebot3_autorace/traffic_light_yellow/model.config
[20.159s] -- Installing: /home/suman/Q-learning/install/turtlebot3_gazebo/share/turtlebot3_gazebo//models/turtlebot3_autorace/traffic_light_yellow/model.sdf
[20.159s] -- Installing: /home/suman/Q-learning/install/turtlebot3_gazebo/share/turtlebot3_gazebo//models/turtlebot3_autorace/tunnel_wall
[20.159s] -- Installing: /home/suman/Q-learning/install/turtlebot3_gazebo/share/turtlebot3_gazebo//models/turtlebot3_autorace/tunnel_wall/model.config
[20.160s] -- Installing: /home/suman/Q-learning/install/turtlebot3_gazebo/share/turtlebot3_gazebo//models/turtlebot3_autorace/tunnel_wall/model.sdf
[20.160s] -- Installing: /home/suman/Q-learning/install/turtlebot3_gazebo/share/turtlebot3_gazebo//models/turtlebot3_autorace/traffic_light_green
[20.160s] -- Installing: /home/suman/Q-learning/install/turtlebot3_gazebo/share/turtlebot3_gazebo//models/turtlebot3_autorace/traffic_light_green/model.config
[20.160s] -- Installing: /home/suman/Q-learning/install/turtlebot3_gazebo/share/turtlebot3_gazebo//models/turtlebot3_autorace/traffic_light_green/model.sdf
[20.160s] -- Installing: /home/suman/Q-learning/install/turtlebot3_gazebo/share/turtlebot3_gazebo//models/turtlebot3_autorace/traffic_parking
[20.160s] -- Installing: /home/suman/Q-learning/install/turtlebot3_gazebo/share/turtlebot3_gazebo//models/turtlebot3_autorace/traffic_parking/model.config
[20.160s] -- Installing: /home/suman/Q-learning/install/turtlebot3_gazebo/share/turtlebot3_gazebo//models/turtlebot3_autorace/traffic_parking/model.sdf
[20.160s] -- Installing: /home/suman/Q-learning/install/turtlebot3_gazebo/share/turtlebot3_gazebo//models/turtlebot3_autorace/traffic_parking/materials
[20.160s] -- Installing: /home/suman/Q-learning/install/turtlebot3_gazebo/share/turtlebot3_gazebo//models/turtlebot3_autorace/traffic_parking/materials/scripts
[20.160s] -- Installing: /home/suman/Q-learning/install/turtlebot3_gazebo/share/turtlebot3_gazebo//models/turtlebot3_autorace/traffic_parking/materials/scripts/traffic_parking.material
[20.160s] -- Installing: /home/suman/Q-learning/install/turtlebot3_gazebo/share/turtlebot3_gazebo//models/turtlebot3_autorace/traffic_parking/materials/textures
[20.160s] -- Installing: /home/suman/Q-learning/install/turtlebot3_gazebo/share/turtlebot3_gazebo//models/turtlebot3_autorace/traffic_parking/materials/textures/traffic_parking.png
[20.160s] -- Installing: /home/suman/Q-learning/install/turtlebot3_gazebo/share/turtlebot3_gazebo//models/turtlebot3_autorace/traffic_stop
[20.160s] -- Installing: /home/suman/Q-learning/install/turtlebot3_gazebo/share/turtlebot3_gazebo//models/turtlebot3_autorace/traffic_stop/model.config
[20.160s] -- Installing: /home/suman/Q-learning/install/turtlebot3_gazebo/share/turtlebot3_gazebo//models/turtlebot3_autorace/traffic_stop/model.sdf
[20.160s] -- Installing: /home/suman/Q-learning/install/turtlebot3_gazebo/share/turtlebot3_gazebo//models/turtlebot3_autorace/traffic_stop/materials
[20.160s] -- Installing: /home/suman/Q-learning/install/turtlebot3_gazebo/share/turtlebot3_gazebo//models/turtlebot3_autorace/traffic_stop/materials/scripts
[20.160s] -- Installing: /home/suman/Q-learning/install/turtlebot3_gazebo/share/turtlebot3_gazebo//models/turtlebot3_autorace/traffic_stop/materials/scripts/traffic_stop.material
[20.161s] -- Installing: /home/suman/Q-learning/install/turtlebot3_gazebo/share/turtlebot3_gazebo//models/turtlebot3_autorace/traffic_stop/materials/textures
[20.161s] -- Installing: /home/suman/Q-learning/install/turtlebot3_gazebo/share/turtlebot3_gazebo//models/turtlebot3_autorace/traffic_stop/materials/textures/traffic_stop.png
[20.161s] -- Installing: /home/suman/Q-learning/install/turtlebot3_gazebo/share/turtlebot3_gazebo//models/turtlebot3_autorace/traffic_bar_down
[20.161s] -- Installing: /home/suman/Q-learning/install/turtlebot3_gazebo/share/turtlebot3_gazebo//models/turtlebot3_autorace/traffic_bar_down/model.config
[20.161s] -- Installing: /home/suman/Q-learning/install/turtlebot3_gazebo/share/turtlebot3_gazebo//models/turtlebot3_autorace/traffic_bar_down/model.sdf
[20.161s] -- Installing: /home/suman/Q-learning/install/turtlebot3_gazebo/share/turtlebot3_gazebo//models/turtlebot3_autorace/traffic_bar_down/materials
[20.161s] -- Installing: /home/suman/Q-learning/install/turtlebot3_gazebo/share/turtlebot3_gazebo//models/turtlebot3_autorace/traffic_bar_down/materials/scripts
[20.161s] -- Installing: /home/suman/Q-learning/install/turtlebot3_gazebo/share/turtlebot3_gazebo//models/turtlebot3_autorace/traffic_bar_down/materials/scripts/traffic_bar.material
[20.161s] -- Installing: /home/suman/Q-learning/install/turtlebot3_gazebo/share/turtlebot3_gazebo//models/turtlebot3_autorace/traffic_bar_down/materials/textures
[20.161s] -- Installing: /home/suman/Q-learning/install/turtlebot3_gazebo/share/turtlebot3_gazebo//models/turtlebot3_autorace/traffic_bar_down/materials/textures/traffic_bar.png
[20.161s] -- Installing: /home/suman/Q-learning/install/turtlebot3_gazebo/share/turtlebot3_gazebo//models/turtlebot3_autorace/traffic_tunnel
[20.162s] -- Installing: /home/suman/Q-learning/install/turtlebot3_gazebo/share/turtlebot3_gazebo//models/turtlebot3_autorace/traffic_tunnel/model.config
[20.162s] -- Installing: /home/suman/Q-learning/install/turtlebot3_gazebo/share/turtlebot3_gazebo//models/turtlebot3_autorace/traffic_tunnel/model.sdf
[20.162s] -- Installing: /home/suman/Q-learning/install/turtlebot3_gazebo/share/turtlebot3_gazebo//models/turtlebot3_autorace/traffic_tunnel/materials
[20.162s] -- Installing: /home/suman/Q-learning/install/turtlebot3_gazebo/share/turtlebot3_gazebo//models/turtlebot3_autorace/traffic_tunnel/materials/scripts
[20.162s] -- Installing: /home/suman/Q-learning/install/turtlebot3_gazebo/share/turtlebot3_gazebo//models/turtlebot3_autorace/traffic_tunnel/materials/scripts/tunnel.material
[20.162s] -- Installing: /home/suman/Q-learning/install/turtlebot3_gazebo/share/turtlebot3_gazebo//models/turtlebot3_autorace/traffic_tunnel/materials/textures
[20.162s] -- Installing: /home/suman/Q-learning/install/turtlebot3_gazebo/share/turtlebot3_gazebo//models/turtlebot3_autorace/traffic_tunnel/materials/textures/tunnel.png
[20.162s] -- Installing: /home/suman/Q-learning/install/turtlebot3_gazebo/share/turtlebot3_gazebo//models/turtlebot3_autorace/ground
[20.162s] -- Installing: /home/suman/Q-learning/install/turtlebot3_gazebo/share/turtlebot3_gazebo//models/turtlebot3_autorace/ground/model.config
[20.162s] -- Installing: /home/suman/Q-learning/install/turtlebot3_gazebo/share/turtlebot3_gazebo//models/turtlebot3_autorace/ground/model.sdf
[20.162s] -- Installing: /home/suman/Q-learning/install/turtlebot3_gazebo/share/turtlebot3_gazebo//models/turtlebot3_autorace/traffic_light_red
[20.162s] -- Installing: /home/suman/Q-learning/install/turtlebot3_gazebo/share/turtlebot3_gazebo//models/turtlebot3_autorace/traffic_light_red/model.config
[20.162s] -- Installing: /home/suman/Q-learning/install/turtlebot3_gazebo/share/turtlebot3_gazebo//models/turtlebot3_autorace/traffic_light_red/model.sdf
[20.162s] -- Installing: /home/suman/Q-learning/install/turtlebot3_gazebo/share/turtlebot3_gazebo//models/turtlebot3_autorace/course
[20.162s] -- Installing: /home/suman/Q-learning/install/turtlebot3_gazebo/share/turtlebot3_gazebo//models/turtlebot3_autorace/course/model.config
[20.162s] -- Installing: /home/suman/Q-learning/install/turtlebot3_gazebo/share/turtlebot3_gazebo//models/turtlebot3_autorace/course/model.sdf
[20.163s] -- Installing: /home/suman/Q-learning/install/turtlebot3_gazebo/share/turtlebot3_gazebo//models/turtlebot3_autorace/course/materials
[20.163s] -- Installing: /home/suman/Q-learning/install/turtlebot3_gazebo/share/turtlebot3_gazebo//models/turtlebot3_autorace/course/materials/scripts
[20.163s] -- Installing: /home/suman/Q-learning/install/turtlebot3_gazebo/share/turtlebot3_gazebo//models/turtlebot3_autorace/course/materials/scripts/course.material
[20.163s] -- Installing: /home/suman/Q-learning/install/turtlebot3_gazebo/share/turtlebot3_gazebo//models/turtlebot3_autorace/course/materials/textures
[20.163s] -- Installing: /home/suman/Q-learning/install/turtlebot3_gazebo/share/turtlebot3_gazebo//models/turtlebot3_autorace/course/materials/textures/course.png
[20.163s] -- Installing: /home/suman/Q-learning/install/turtlebot3_gazebo/share/turtlebot3_gazebo//models/turtlebot3_autorace/traffic_bar_up
[20.163s] -- Installing: /home/suman/Q-learning/install/turtlebot3_gazebo/share/turtlebot3_gazebo//models/turtlebot3_autorace/traffic_bar_up/model.config
[20.163s] -- Installing: /home/suman/Q-learning/install/turtlebot3_gazebo/share/turtlebot3_gazebo//models/turtlebot3_autorace/traffic_bar_up/model.sdf
[20.163s] -- Installing: /home/suman/Q-learning/install/turtlebot3_gazebo/share/turtlebot3_gazebo//models/turtlebot3_autorace/traffic_bar_up/materials
[20.163s] -- Installing: /home/suman/Q-learning/install/turtlebot3_gazebo/share/turtlebot3_gazebo//models/turtlebot3_autorace/traffic_bar_up/materials/scripts
[20.163s] -- Installing: /home/suman/Q-learning/install/turtlebot3_gazebo/share/turtlebot3_gazebo//models/turtlebot3_autorace/traffic_bar_up/materials/scripts/traffic_bar.material
[20.163s] -- Installing: /home/suman/Q-learning/install/turtlebot3_gazebo/share/turtlebot3_gazebo//models/turtlebot3_autorace/traffic_bar_up/materials/textures
[20.163s] -- Installing: /home/suman/Q-learning/install/turtlebot3_gazebo/share/turtlebot3_gazebo//models/turtlebot3_autorace/traffic_bar_up/materials/textures/traffic_bar.png
[20.163s] -- Installing: /home/suman/Q-learning/install/turtlebot3_gazebo/share/turtlebot3_gazebo//models/turtlebot3_autorace/lights
[20.163s] -- Installing: /home/suman/Q-learning/install/turtlebot3_gazebo/share/turtlebot3_gazebo//models/turtlebot3_autorace/lights/model.config
[20.163s] -- Installing: /home/suman/Q-learning/install/turtlebot3_gazebo/share/turtlebot3_gazebo//models/turtlebot3_autorace/lights/model.sdf
[20.163s] -- Installing: /home/suman/Q-learning/install/turtlebot3_gazebo/share/turtlebot3_gazebo//models/turtlebot3_autorace/tunnel_obstacles
[20.164s] -- Installing: /home/suman/Q-learning/install/turtlebot3_gazebo/share/turtlebot3_gazebo//models/turtlebot3_autorace/tunnel_obstacles/model.config
[20.164s] -- Installing: /home/suman/Q-learning/install/turtlebot3_gazebo/share/turtlebot3_gazebo//models/turtlebot3_autorace/tunnel_obstacles/model.sdf
[20.164s] -- Installing: /home/suman/Q-learning/install/turtlebot3_gazebo/share/turtlebot3_gazebo//models/turtlebot3_waffle_pi
[20.164s] -- Installing: /home/suman/Q-learning/install/turtlebot3_gazebo/share/turtlebot3_gazebo//models/turtlebot3_waffle_pi/model.config
[20.164s] -- Installing: /home/suman/Q-learning/install/turtlebot3_gazebo/share/turtlebot3_gazebo//models/turtlebot3_waffle_pi/model-1_4_.sdf
[20.164s] -- Installing: /home/suman/Q-learning/install/turtlebot3_gazebo/share/turtlebot3_gazebo//models/turtlebot3_waffle_pi/model.sdf
[20.164s] -- Installing: /home/suman/Q-learning/install/turtlebot3_gazebo/share/turtlebot3_gazebo//models/turtlebot3_waffle_pi/meshes
[20.164s] -- Installing: /home/suman/Q-learning/install/turtlebot3_gazebo/share/turtlebot3_gazebo//models/turtlebot3_waffle_pi/meshes/waffle_pi_base.dae
[20.164s] -- Installing: /home/suman/Q-learning/install/turtlebot3_gazebo/share/turtlebot3_gazebo//models/turtlebot3_waffle_pi/meshes/tire.dae
[20.164s] -- Installing: /home/suman/Q-learning/install/turtlebot3_gazebo/share/turtlebot3_gazebo//models/turtlebot3_waffle_pi/meshes/lds.dae
[20.164s] -- Installing: /home/suman/Q-learning/install/turtlebot3_gazebo/share/turtlebot3_gazebo//models/turtlebot3_house
[20.164s] -- Installing: /home/suman/Q-learning/install/turtlebot3_gazebo/share/turtlebot3_gazebo//models/turtlebot3_house/model.config
[20.164s] -- Installing: /home/suman/Q-learning/install/turtlebot3_gazebo/share/turtlebot3_gazebo//models/turtlebot3_house/model.sdf
[20.164s] -- Installing: /home/suman/Q-learning/install/turtlebot3_gazebo/share/turtlebot3_gazebo//models/turtlebot3_dqn_world
[20.164s] -- Installing: /home/suman/Q-learning/install/turtlebot3_gazebo/share/turtlebot3_gazebo//models/turtlebot3_dqn_world/model.config
[20.164s] -- Installing: /home/suman/Q-learning/install/turtlebot3_gazebo/share/turtlebot3_gazebo//models/turtlebot3_dqn_world/obstacles
[20.164s] -- Installing: /home/suman/Q-learning/install/turtlebot3_gazebo/share/turtlebot3_gazebo//models/turtlebot3_dqn_world/obstacles/model.config
[20.164s] -- Installing: /home/suman/Q-learning/install/turtlebot3_gazebo/share/turtlebot3_gazebo//models/turtlebot3_dqn_world/obstacles/model.sdf
[20.165s] -- Installing: /home/suman/Q-learning/install/turtlebot3_gazebo/share/turtlebot3_gazebo//models/turtlebot3_dqn_world/model.sdf
[20.165s] -- Installing: /home/suman/Q-learning/install/turtlebot3_gazebo/share/turtlebot3_gazebo//models/turtlebot3_dqn_world/obstacle_plugin
[20.165s] -- Installing: /home/suman/Q-learning/install/turtlebot3_gazebo/share/turtlebot3_gazebo//models/turtlebot3_dqn_world/obstacle_plugin/obstacle2.cc
[20.165s] -- Installing: /home/suman/Q-learning/install/turtlebot3_gazebo/share/turtlebot3_gazebo//models/turtlebot3_dqn_world/obstacle_plugin/obstacles.cc
[20.165s] -- Installing: /home/suman/Q-learning/install/turtlebot3_gazebo/share/turtlebot3_gazebo//models/turtlebot3_dqn_world/obstacle_plugin/CMakeLists.txt
[20.165s] -- Installing: /home/suman/Q-learning/install/turtlebot3_gazebo/share/turtlebot3_gazebo//models/turtlebot3_dqn_world/obstacle_plugin/obstacle1.cc
[20.165s] -- Installing: /home/suman/Q-learning/install/turtlebot3_gazebo/share/turtlebot3_gazebo//models/turtlebot3_dqn_world/inner_walls
[20.165s] -- Installing: /home/suman/Q-learning/install/turtlebot3_gazebo/share/turtlebot3_gazebo//models/turtlebot3_dqn_world/inner_walls/model.config
[20.165s] -- Installing: /home/suman/Q-learning/install/turtlebot3_gazebo/share/turtlebot3_gazebo//models/turtlebot3_dqn_world/inner_walls/model.sdf
[20.165s] -- Installing: /home/suman/Q-learning/install/turtlebot3_gazebo/share/turtlebot3_gazebo//models/turtlebot3_dqn_world/obstacle2
[20.165s] -- Installing: /home/suman/Q-learning/install/turtlebot3_gazebo/share/turtlebot3_gazebo//models/turtlebot3_dqn_world/obstacle2/model.config
[20.165s] -- Installing: /home/suman/Q-learning/install/turtlebot3_gazebo/share/turtlebot3_gazebo//models/turtlebot3_dqn_world/obstacle2/model.sdf
[20.166s] -- Installing: /home/suman/Q-learning/install/turtlebot3_gazebo/share/turtlebot3_gazebo//models/turtlebot3_dqn_world/goal_box
[20.166s] -- Installing: /home/suman/Q-learning/install/turtlebot3_gazebo/share/turtlebot3_gazebo//models/turtlebot3_dqn_world/goal_box/model.config
[20.166s] -- Installing: /home/suman/Q-learning/install/turtlebot3_gazebo/share/turtlebot3_gazebo//models/turtlebot3_dqn_world/goal_box/model.sdf
[20.166s] -- Installing: /home/suman/Q-learning/install/turtlebot3_gazebo/share/turtlebot3_gazebo//models/turtlebot3_dqn_world/obstacle1
[20.166s] -- Installing: /home/suman/Q-learning/install/turtlebot3_gazebo/share/turtlebot3_gazebo//models/turtlebot3_dqn_world/obstacle1/model.config
[20.166s] -- Installing: /home/suman/Q-learning/install/turtlebot3_gazebo/share/turtlebot3_gazebo//models/turtlebot3_dqn_world/obstacle1/model.sdf
[20.166s] -- Installing: /home/suman/Q-learning/install/turtlebot3_gazebo/share/turtlebot3_gazebo//models/wall
[20.166s] -- Installing: /home/suman/Q-learning/install/turtlebot3_gazebo/share/turtlebot3_gazebo//models/wall/model.config
[20.166s] -- Installing: /home/suman/Q-learning/install/turtlebot3_gazebo/share/turtlebot3_gazebo//models/wall/obstacles
[20.166s] -- Installing: /home/suman/Q-learning/install/turtlebot3_gazebo/share/turtlebot3_gazebo//models/wall/obstacles/model.config
[20.166s] -- Installing: /home/suman/Q-learning/install/turtlebot3_gazebo/share/turtlebot3_gazebo//models/wall/obstacles/model.sdf
[20.166s] -- Installing: /home/suman/Q-learning/install/turtlebot3_gazebo/share/turtlebot3_gazebo//models/wall/model.sdf
[20.166s] -- Installing: /home/suman/Q-learning/install/turtlebot3_gazebo/share/turtlebot3_gazebo//models/wall/obstacle_plugin
[20.166s] -- Installing: /home/suman/Q-learning/install/turtlebot3_gazebo/share/turtlebot3_gazebo//models/wall/obstacle_plugin/obstacle2.cc
[20.166s] -- Installing: /home/suman/Q-learning/install/turtlebot3_gazebo/share/turtlebot3_gazebo//models/wall/obstacle_plugin/obstacles.cc
[20.166s] -- Installing: /home/suman/Q-learning/install/turtlebot3_gazebo/share/turtlebot3_gazebo//models/wall/obstacle_plugin/CMakeLists.txt
[20.166s] -- Installing: /home/suman/Q-learning/install/turtlebot3_gazebo/share/turtlebot3_gazebo//models/wall/obstacle_plugin/obstacle1.cc
[20.166s] -- Installing: /home/suman/Q-learning/install/turtlebot3_gazebo/share/turtlebot3_gazebo//rviz
[20.166s] -- Installing: /home/suman/Q-learning/install/turtlebot3_gazebo/share/turtlebot3_gazebo//rviz/tb3_gazebo.rviz
[20.166s] -- Installing: /home/suman/Q-learning/install/turtlebot3_gazebo/share/turtlebot3_gazebo//worlds
[20.167s] -- Installing: /home/suman/Q-learning/install/turtlebot3_gazebo/share/turtlebot3_gazebo//worlds/demo_world
[20.167s] -- Installing: /home/suman/Q-learning/install/turtlebot3_gazebo/share/turtlebot3_gazebo//worlds/demo_world/burger.model
[20.167s] -- Installing: /home/suman/Q-learning/install/turtlebot3_gazebo/share/turtlebot3_gazebo//worlds/empty_worlds
[20.167s] -- Installing: /home/suman/Q-learning/install/turtlebot3_gazebo/share/turtlebot3_gazebo//worlds/empty_worlds/waffle.model
[20.167s] -- Installing: /home/suman/Q-learning/install/turtlebot3_gazebo/share/turtlebot3_gazebo//worlds/empty_worlds/burger.model
[20.167s] -- Installing: /home/suman/Q-learning/install/turtlebot3_gazebo/share/turtlebot3_gazebo//worlds/empty_worlds/waffle_pi.model
[20.167s] -- Installing: /home/suman/Q-learning/install/turtlebot3_gazebo/share/turtlebot3_gazebo//worlds/turtlebot3_maze
[20.167s] -- Installing: /home/suman/Q-learning/install/turtlebot3_gazebo/share/turtlebot3_gazebo//worlds/turtlebot3_maze/burger.model
[20.167s] -- Installing: /home/suman/Q-learning/install/turtlebot3_gazebo/share/turtlebot3_gazebo//worlds/turtlebot3_dqn_stage1
[20.167s] -- Installing: /home/suman/Q-learning/install/turtlebot3_gazebo/share/turtlebot3_gazebo//worlds/turtlebot3_dqn_stage1/waffle.model
[20.167s] -- Installing: /home/suman/Q-learning/install/turtlebot3_gazebo/share/turtlebot3_gazebo//worlds/turtlebot3_dqn_stage1/burger.model
[20.167s] -- Installing: /home/suman/Q-learning/install/turtlebot3_gazebo/share/turtlebot3_gazebo//worlds/turtlebot3_dqn_stage1/waffle_pi.model
[20.167s] -- Installing: /home/suman/Q-learning/install/turtlebot3_gazebo/share/turtlebot3_gazebo//worlds/turtlebot3_dqn_stage4
[20.167s] -- Installing: /home/suman/Q-learning/install/turtlebot3_gazebo/share/turtlebot3_gazebo//worlds/turtlebot3_dqn_stage4/waffle.model
[20.167s] -- Installing: /home/suman/Q-learning/install/turtlebot3_gazebo/share/turtlebot3_gazebo//worlds/turtlebot3_dqn_stage4/burger.model
[20.167s] -- Installing: /home/suman/Q-learning/install/turtlebot3_gazebo/share/turtlebot3_gazebo//worlds/turtlebot3_dqn_stage4/waffle_pi.model
[20.168s] -- Installing: /home/suman/Q-learning/install/turtlebot3_gazebo/share/turtlebot3_gazebo//worlds/turtlebot3_autoraces
[20.168s] -- Installing: /home/suman/Q-learning/install/turtlebot3_gazebo/share/turtlebot3_gazebo//worlds/turtlebot3_autoraces/waffle.model
[20.168s] -- Installing: /home/suman/Q-learning/install/turtlebot3_gazebo/share/turtlebot3_gazebo//worlds/turtlebot3_autoraces/burger.model
[20.168s] -- Installing: /home/suman/Q-learning/install/turtlebot3_gazebo/share/turtlebot3_gazebo//worlds/turtlebot3_autoraces/waffle_pi.model
[20.168s] -- Installing: /home/suman/Q-learning/install/turtlebot3_gazebo/share/turtlebot3_gazebo//worlds/turtlebot3_houses
[20.168s] -- Installing: /home/suman/Q-learning/install/turtlebot3_gazebo/share/turtlebot3_gazebo//worlds/turtlebot3_houses/waffle.model
[20.168s] -- Installing: /home/suman/Q-learning/install/turtlebot3_gazebo/share/turtlebot3_gazebo//worlds/turtlebot3_houses/burger.model
[20.168s] -- Installing: /home/suman/Q-learning/install/turtlebot3_gazebo/share/turtlebot3_gazebo//worlds/turtlebot3_houses/waffle_pi.model
[20.168s] -- Installing: /home/suman/Q-learning/install/turtlebot3_gazebo/share/turtlebot3_gazebo//worlds/training_world
[20.168s] -- Installing: /home/suman/Q-learning/install/turtlebot3_gazebo/share/turtlebot3_gazebo//worlds/training_world/burger.model
[20.168s] -- Installing: /home/suman/Q-learning/install/turtlebot3_gazebo/share/turtlebot3_gazebo//worlds/turtlebot3_worlds
[20.168s] -- Installing: /home/suman/Q-learning/install/turtlebot3_gazebo/share/turtlebot3_gazebo//worlds/turtlebot3_worlds/waffle.model
[20.168s] -- Installing: /home/suman/Q-learning/install/turtlebot3_gazebo/share/turtlebot3_gazebo//worlds/turtlebot3_worlds/burger.model
[20.168s] -- Installing: /home/suman/Q-learning/install/turtlebot3_gazebo/share/turtlebot3_gazebo//worlds/turtlebot3_worlds/waffle_pi.model
[20.168s] -- Installing: /home/suman/Q-learning/install/turtlebot3_gazebo/share/turtlebot3_gazebo//worlds/turtlebot3_dqn_stage3
[20.168s] -- Installing: /home/suman/Q-learning/install/turtlebot3_gazebo/share/turtlebot3_gazebo//worlds/turtlebot3_dqn_stage3/waffle.model
[20.168s] -- Installing: /home/suman/Q-learning/install/turtlebot3_gazebo/share/turtlebot3_gazebo//worlds/turtlebot3_dqn_stage3/burger.model
[20.168s] -- Installing: /home/suman/Q-learning/install/turtlebot3_gazebo/share/turtlebot3_gazebo//worlds/turtlebot3_dqn_stage3/waffle_pi.model
[20.168s] -- Installing: /home/suman/Q-learning/install/turtlebot3_gazebo/share/turtlebot3_gazebo//worlds/turtlebot3_dqn_stage2
[20.168s] -- Installing: /home/suman/Q-learning/install/turtlebot3_gazebo/share/turtlebot3_gazebo//worlds/turtlebot3_dqn_stage2/waffle.model
[20.169s] -- Installing: /home/suman/Q-learning/install/turtlebot3_gazebo/share/turtlebot3_gazebo//worlds/turtlebot3_dqn_stage2/burger.model
[20.169s] -- Installing: /home/suman/Q-learning/install/turtlebot3_gazebo/share/turtlebot3_gazebo//worlds/turtlebot3_dqn_stage2/waffle_pi.model
[20.169s] -- Installing: /home/suman/Q-learning/install/turtlebot3_gazebo/include/
[20.169s] -- Installing: /home/suman/Q-learning/install/turtlebot3_gazebo/include//turtlebot3_gazebo
[20.169s] -- Installing: /home/suman/Q-learning/install/turtlebot3_gazebo/include//turtlebot3_gazebo/turtlebot3_drive.hpp
[20.169s] -- Installing: /home/suman/Q-learning/install/turtlebot3_gazebo/include//turtlebot3_gazebo/qlearning.hpp
[20.169s] -- Installing: /home/suman/Q-learning/install/turtlebot3_gazebo/include//turtlebot3_gazebo/run_demo.hpp
[20.169s] -- Installing: /home/suman/Q-learning/install/turtlebot3_gazebo/share/ament_index/resource_index/package_run_dependencies/turtlebot3_gazebo
[20.169s] -- Installing: /home/suman/Q-learning/install/turtlebot3_gazebo/share/ament_index/resource_index/parent_prefix_path/turtlebot3_gazebo
[20.169s] -- Installing: /home/suman/Q-learning/install/turtlebot3_gazebo/share/turtlebot3_gazebo/environment/ament_prefix_path.sh
[20.169s] -- Installing: /home/suman/Q-learning/install/turtlebot3_gazebo/share/turtlebot3_gazebo/environment/ament_prefix_path.dsv
[20.169s] -- Installing: /home/suman/Q-learning/install/turtlebot3_gazebo/share/turtlebot3_gazebo/environment/path.sh
[20.169s] -- Installing: /home/suman/Q-learning/install/turtlebot3_gazebo/share/turtlebot3_gazebo/environment/path.dsv
[20.169s] -- Installing: /home/suman/Q-learning/install/turtlebot3_gazebo/share/turtlebot3_gazebo/local_setup.bash
[20.169s] -- Installing: /home/suman/Q-learning/install/turtlebot3_gazebo/share/turtlebot3_gazebo/local_setup.sh
[20.170s] -- Installing: /home/suman/Q-learning/install/turtlebot3_gazebo/share/turtlebot3_gazebo/local_setup.zsh
[20.170s] -- Installing: /home/suman/Q-learning/install/turtlebot3_gazebo/share/turtlebot3_gazebo/local_setup.dsv
[20.170s] -- Installing: /home/suman/Q-learning/install/turtlebot3_gazebo/share/turtlebot3_gazebo/package.dsv
[20.170s] -- Installing: /home/suman/Q-learning/install/turtlebot3_gazebo/share/ament_index/resource_index/packages/turtlebot3_gazebo
[20.170s] -- Installing: /home/suman/Q-learning/install/turtlebot3_gazebo/share/turtlebot3_gazebo/cmake/ament_cmake_export_include_directories-extras.cmake
[20.170s] -- Installing: /home/suman/Q-learning/install/turtlebot3_gazebo/share/turtlebot3_gazebo/cmake/ament_cmake_export_dependencies-extras.cmake
[20.170s] -- Installing: /home/suman/Q-learning/install/turtlebot3_gazebo/share/turtlebot3_gazebo/cmake/turtlebot3_gazeboConfig.cmake
[20.170s] -- Installing: /home/suman/Q-learning/install/turtlebot3_gazebo/share/turtlebot3_gazebo/cmake/turtlebot3_gazeboConfig-version.cmake
[20.170s] -- Installing: /home/suman/Q-learning/install/turtlebot3_gazebo/share/turtlebot3_gazebo/package.xml
[20.172s] Invoked command in '/home/suman/Q-learning/build/turtlebot3_gazebo' returned '0': AMENT_PREFIX_PATH=/home/suman/Q-learning/install/turtlebot3_description:${AMENT_PREFIX_PATH} CMAKE_PREFIX_PATH=/home/suman/Q-learning/install/turtlebot3_description:/opt/ros/foxy /usr/bin/cmake --install /home/suman/Q-learning/build/turtlebot3_gazebo
