[0.053s] Invoking command in '/home/suman/Q-learning/build/turtlebot3_cartographer': CMAKE_PREFIX_PATH=/opt/ros/foxy /usr/bin/cmake /home/suman/Q-learning/src/turtlebot3/turtlebot3_cartographer -DCMAKE_INSTALL_PREFIX=/home/suman/Q-learning/install/turtlebot3_cartographer
[0.274s] -- The C compiler identification is GNU 9.4.0
[0.316s] -- The CXX compiler identification is GNU 9.4.0
[0.323s] -- Check for working C compiler: /usr/bin/cc
[0.406s] -- Check for working C compiler: /usr/bin/cc -- works
[0.407s] -- Detecting C compiler ABI info
[0.491s] -- Detecting C compiler ABI info - done
[0.507s] -- Detecting C compile features
[0.508s] -- Detecting C compile features - done
[0.511s] -- Check for working CXX compiler: /usr/bin/c++
[0.628s] -- Check for working CXX compiler: /usr/bin/c++ -- works
[0.630s] -- Detecting CXX compiler ABI info
[0.740s] -- Detecting CXX compiler ABI info - done
[0.754s] -- Detecting CXX compile features
[0.755s] -- Detecting CXX compile features - done
[0.758s] -- Found ament_cmake: 0.9.9 (/opt/ros/foxy/share/ament_cmake/cmake)
[0.788s] -- Found PythonInterp: /usr/bin/python3 (found suitable version "3.8.10", minimum required is "3") 
[0.788s] -- Using PYTHON_EXECUTABLE: /usr/bin/python3
[1.094s] -- Configuring done
[1.095s] -- Generating done
[1.096s] -- Build files have been written to: /home/suman/Q-learning/build/turtlebot3_cartographer
[1.107s] Invoked command in '/home/suman/Q-learning/build/turtlebot3_cartographer' returned '0': CMAKE_PREFIX_PATH=/opt/ros/foxy /usr/bin/cmake /home/suman/Q-learning/src/turtlebot3/turtlebot3_cartographer -DCMAKE_INSTALL_PREFIX=/home/suman/Q-learning/install/turtlebot3_cartographer
[1.110s] Invoking command in '/home/suman/Q-learning/build/turtlebot3_cartographer': CMAKE_PREFIX_PATH=/opt/ros/foxy /usr/bin/cmake --build /home/suman/Q-learning/build/turtlebot3_cartographer -- -j12 -l12
[1.161s] Invoked command in '/home/suman/Q-learning/build/turtlebot3_cartographer' returned '0': CMAKE_PREFIX_PATH=/opt/ros/foxy /usr/bin/cmake --build /home/suman/Q-learning/build/turtlebot3_cartographer -- -j12 -l12
[1.204s] Invoking command in '/home/suman/Q-learning/build/turtlebot3_cartographer': CMAKE_PREFIX_PATH=/opt/ros/foxy /usr/bin/cmake --install /home/suman/Q-learning/build/turtlebot3_cartographer
[1.213s] -- Install configuration: ""
[1.214s] -- Installing: /home/suman/Q-learning/install/turtlebot3_cartographer/share/turtlebot3_cartographer/config
[1.214s] -- Installing: /home/suman/Q-learning/install/turtlebot3_cartographer/share/turtlebot3_cartographer/config/turtlebot3_lds_2d.lua
[1.214s] -- Installing: /home/suman/Q-learning/install/turtlebot3_cartographer/share/turtlebot3_cartographer/launch
[1.214s] -- Installing: /home/suman/Q-learning/install/turtlebot3_cartographer/share/turtlebot3_cartographer/launch/cartographer.launch.py
[1.217s] -- Installing: /home/suman/Q-learning/install/turtlebot3_cartographer/share/turtlebot3_cartographer/launch/occupancy_grid.launch.py
[1.218s] -- Installing: /home/suman/Q-learning/install/turtlebot3_cartographer/share/turtlebot3_cartographer/rviz
[1.218s] -- Installing: /home/suman/Q-learning/install/turtlebot3_cartographer/share/turtlebot3_cartographer/rviz/tb3_cartographer.rviz
[1.218s] -- Installing: /home/suman/Q-learning/install/turtlebot3_cartographer/share/ament_index/resource_index/package_run_dependencies/turtlebot3_cartographer
[1.219s] -- Installing: /home/suman/Q-learning/install/turtlebot3_cartographer/share/ament_index/resource_index/parent_prefix_path/turtlebot3_cartographer
[1.219s] -- Installing: /home/suman/Q-learning/install/turtlebot3_cartographer/share/turtlebot3_cartographer/environment/ament_prefix_path.sh
[1.219s] -- Installing: /home/suman/Q-learning/install/turtlebot3_cartographer/share/turtlebot3_cartographer/environment/ament_prefix_path.dsv
[1.219s] -- Installing: /home/suman/Q-learning/install/turtlebot3_cartographer/share/turtlebot3_cartographer/environment/path.sh
[1.221s] -- Installing: /home/suman/Q-learning/install/turtlebot3_cartographer/share/turtlebot3_cartographer/environment/path.dsv
[1.222s] -- Installing: /home/suman/Q-learning/install/turtlebot3_cartographer/share/turtlebot3_cartographer/local_setup.bash
[1.222s] -- Installing: /home/suman/Q-learning/install/turtlebot3_cartographer/share/turtlebot3_cartographer/local_setup.sh
[1.222s] -- Installing: /home/suman/Q-learning/install/turtlebot3_cartographer/share/turtlebot3_cartographer/local_setup.zsh
[1.223s] -- Installing: /home/suman/Q-learning/install/turtlebot3_cartographer/share/turtlebot3_cartographer/local_setup.dsv
[1.223s] -- Installing: /home/suman/Q-learning/install/turtlebot3_cartographer/share/turtlebot3_cartographer/package.dsv
[1.223s] -- Installing: /home/suman/Q-learning/install/turtlebot3_cartographer/share/ament_index/resource_index/packages/turtlebot3_cartographer
[1.224s] -- Installing: /home/suman/Q-learning/install/turtlebot3_cartographer/share/turtlebot3_cartographer/cmake/turtlebot3_cartographerConfig.cmake
[1.224s] -- Installing: /home/suman/Q-learning/install/turtlebot3_cartographer/share/turtlebot3_cartographer/cmake/turtlebot3_cartographerConfig-version.cmake
[1.224s] -- Installing: /home/suman/Q-learning/install/turtlebot3_cartographer/share/turtlebot3_cartographer/package.xml
[1.224s] Invoked command in '/home/suman/Q-learning/build/turtlebot3_cartographer' returned '0': CMAKE_PREFIX_PATH=/opt/ros/foxy /usr/bin/cmake --install /home/suman/Q-learning/build/turtlebot3_cartographer
