[1.060s] Invoking command in '/home/suman/Q-learning/src/turtlebot3/turtlebot3_example': PYTHONPATH=/home/suman/Q-learning/install/turtlebot3_example/lib/python3.8/site-packages:${PYTHONPATH} /usr/bin/python3 setup.py egg_info --egg-base ../../../build/turtlebot3_example build --build-base /home/suman/Q-learning/build/turtlebot3_example/build install --prefix /home/suman/Q-learning/install/turtlebot3_example --record /home/suman/Q-learning/build/turtlebot3_example/install.log --single-version-externally-managed
[1.328s] running egg_info
[1.328s] creating ../../../build/turtlebot3_example/turtlebot3_example.egg-info
[1.329s] writing ../../../build/turtlebot3_example/turtlebot3_example.egg-info/PKG-INFO
[1.329s] writing dependency_links to ../../../build/turtlebot3_example/turtlebot3_example.egg-info/dependency_links.txt
[1.330s] writing entry points to ../../../build/turtlebot3_example/turtlebot3_example.egg-info/entry_points.txt
[1.330s] writing requirements to ../../../build/turtlebot3_example/turtlebot3_example.egg-info/requires.txt
[1.330s] writing top-level names to ../../../build/turtlebot3_example/turtlebot3_example.egg-info/top_level.txt
[1.330s] writing manifest file '../../../build/turtlebot3_example/turtlebot3_example.egg-info/SOURCES.txt'
[1.348s] reading manifest file '../../../build/turtlebot3_example/turtlebot3_example.egg-info/SOURCES.txt'
[1.349s] writing manifest file '../../../build/turtlebot3_example/turtlebot3_example.egg-info/SOURCES.txt'
[1.349s] running build
[1.349s] running build_py
[1.350s] creating /home/suman/Q-learning/build/turtlebot3_example/build
[1.350s] creating /home/suman/Q-learning/build/turtlebot3_example/build/lib
[1.351s] creating /home/suman/Q-learning/build/turtlebot3_example/build/lib/turtlebot3_example
[1.351s] copying turtlebot3_example/__init__.py -> /home/suman/Q-learning/build/turtlebot3_example/build/lib/turtlebot3_example
[1.352s] creating /home/suman/Q-learning/build/turtlebot3_example/build/lib/turtlebot3_example/turtlebot3_patrol_server
[1.352s] copying turtlebot3_example/turtlebot3_patrol_server/turtlebot3_path.py -> /home/suman/Q-learning/build/turtlebot3_example/build/lib/turtlebot3_example/turtlebot3_patrol_server
[1.352s] copying turtlebot3_example/turtlebot3_patrol_server/main.py -> /home/suman/Q-learning/build/turtlebot3_example/build/lib/turtlebot3_example/turtlebot3_patrol_server
[1.353s] copying turtlebot3_example/turtlebot3_patrol_server/turtlebot3_patrol_server.py -> /home/suman/Q-learning/build/turtlebot3_example/build/lib/turtlebot3_example/turtlebot3_patrol_server
[1.353s] copying turtlebot3_example/turtlebot3_patrol_server/__init__.py -> /home/suman/Q-learning/build/turtlebot3_example/build/lib/turtlebot3_example/turtlebot3_patrol_server
[1.355s] creating /home/suman/Q-learning/build/turtlebot3_example/build/lib/turtlebot3_example/turtlebot3_position_control
[1.355s] copying turtlebot3_example/turtlebot3_position_control/turtlebot3_path.py -> /home/suman/Q-learning/build/turtlebot3_example/build/lib/turtlebot3_example/turtlebot3_position_control
[1.355s] copying turtlebot3_example/turtlebot3_position_control/turtlebot3_position_control.py -> /home/suman/Q-learning/build/turtlebot3_example/build/lib/turtlebot3_example/turtlebot3_position_control
[1.355s] copying turtlebot3_example/turtlebot3_position_control/main.py -> /home/suman/Q-learning/build/turtlebot3_example/build/lib/turtlebot3_example/turtlebot3_position_control
[1.356s] copying turtlebot3_example/turtlebot3_position_control/__init__.py -> /home/suman/Q-learning/build/turtlebot3_example/build/lib/turtlebot3_example/turtlebot3_position_control
[1.357s] creating /home/suman/Q-learning/build/turtlebot3_example/build/lib/turtlebot3_example/turtlebot3_patrol_client
[1.358s] copying turtlebot3_example/turtlebot3_patrol_client/main.py -> /home/suman/Q-learning/build/turtlebot3_example/build/lib/turtlebot3_example/turtlebot3_patrol_client
[1.358s] copying turtlebot3_example/turtlebot3_patrol_client/__init__.py -> /home/suman/Q-learning/build/turtlebot3_example/build/lib/turtlebot3_example/turtlebot3_patrol_client
[1.359s] copying turtlebot3_example/turtlebot3_patrol_client/turtlebot3_patrol_client.py -> /home/suman/Q-learning/build/turtlebot3_example/build/lib/turtlebot3_example/turtlebot3_patrol_client
[1.359s] creating /home/suman/Q-learning/build/turtlebot3_example/build/lib/turtlebot3_example/turtlebot3_obstacle_detection
[1.359s] copying turtlebot3_example/turtlebot3_obstacle_detection/main.py -> /home/suman/Q-learning/build/turtlebot3_example/build/lib/turtlebot3_example/turtlebot3_obstacle_detection
[1.359s] copying turtlebot3_example/turtlebot3_obstacle_detection/__init__.py -> /home/suman/Q-learning/build/turtlebot3_example/build/lib/turtlebot3_example/turtlebot3_obstacle_detection
[1.360s] copying turtlebot3_example/turtlebot3_obstacle_detection/turtlebot3_obstacle_detection.py -> /home/suman/Q-learning/build/turtlebot3_example/build/lib/turtlebot3_example/turtlebot3_obstacle_detection
[1.360s] running install
[1.361s] running install_lib
[1.365s] creating /home/suman/Q-learning/install/turtlebot3_example/lib/python3.8/site-packages/turtlebot3_example
[1.368s] creating /home/suman/Q-learning/install/turtlebot3_example/lib/python3.8/site-packages/turtlebot3_example/turtlebot3_patrol_server
[1.368s] copying /home/suman/Q-learning/build/turtlebot3_example/build/lib/turtlebot3_example/turtlebot3_patrol_server/turtlebot3_path.py -> /home/suman/Q-learning/install/turtlebot3_example/lib/python3.8/site-packages/turtlebot3_example/turtlebot3_patrol_server
[1.368s] copying /home/suman/Q-learning/build/turtlebot3_example/build/lib/turtlebot3_example/turtlebot3_patrol_server/main.py -> /home/suman/Q-learning/install/turtlebot3_example/lib/python3.8/site-packages/turtlebot3_example/turtlebot3_patrol_server
[1.369s] copying /home/suman/Q-learning/build/turtlebot3_example/build/lib/turtlebot3_example/turtlebot3_patrol_server/turtlebot3_patrol_server.py -> /home/suman/Q-learning/install/turtlebot3_example/lib/python3.8/site-packages/turtlebot3_example/turtlebot3_patrol_server
[1.369s] copying /home/suman/Q-learning/build/turtlebot3_example/build/lib/turtlebot3_example/turtlebot3_patrol_server/__init__.py -> /home/suman/Q-learning/install/turtlebot3_example/lib/python3.8/site-packages/turtlebot3_example/turtlebot3_patrol_server
[1.369s] creating /home/suman/Q-learning/install/turtlebot3_example/lib/python3.8/site-packages/turtlebot3_example/turtlebot3_position_control
[1.369s] copying /home/suman/Q-learning/build/turtlebot3_example/build/lib/turtlebot3_example/turtlebot3_position_control/turtlebot3_path.py -> /home/suman/Q-learning/install/turtlebot3_example/lib/python3.8/site-packages/turtlebot3_example/turtlebot3_position_control
[1.369s] copying /home/suman/Q-learning/build/turtlebot3_example/build/lib/turtlebot3_example/turtlebot3_position_control/turtlebot3_position_control.py -> /home/suman/Q-learning/install/turtlebot3_example/lib/python3.8/site-packages/turtlebot3_example/turtlebot3_position_control
[1.369s] copying /home/suman/Q-learning/build/turtlebot3_example/build/lib/turtlebot3_example/turtlebot3_position_control/main.py -> /home/suman/Q-learning/install/turtlebot3_example/lib/python3.8/site-packages/turtlebot3_example/turtlebot3_position_control
[1.369s] copying /home/suman/Q-learning/build/turtlebot3_example/build/lib/turtlebot3_example/turtlebot3_position_control/__init__.py -> /home/suman/Q-learning/install/turtlebot3_example/lib/python3.8/site-packages/turtlebot3_example/turtlebot3_position_control
[1.370s] creating /home/suman/Q-learning/install/turtlebot3_example/lib/python3.8/site-packages/turtlebot3_example/turtlebot3_patrol_client
[1.370s] copying /home/suman/Q-learning/build/turtlebot3_example/build/lib/turtlebot3_example/turtlebot3_patrol_client/main.py -> /home/suman/Q-learning/install/turtlebot3_example/lib/python3.8/site-packages/turtlebot3_example/turtlebot3_patrol_client
[1.370s] copying /home/suman/Q-learning/build/turtlebot3_example/build/lib/turtlebot3_example/turtlebot3_patrol_client/__init__.py -> /home/suman/Q-learning/install/turtlebot3_example/lib/python3.8/site-packages/turtlebot3_example/turtlebot3_patrol_client
[1.370s] copying /home/suman/Q-learning/build/turtlebot3_example/build/lib/turtlebot3_example/turtlebot3_patrol_client/turtlebot3_patrol_client.py -> /home/suman/Q-learning/install/turtlebot3_example/lib/python3.8/site-packages/turtlebot3_example/turtlebot3_patrol_client
[1.370s] creating /home/suman/Q-learning/install/turtlebot3_example/lib/python3.8/site-packages/turtlebot3_example/turtlebot3_obstacle_detection
[1.371s] copying /home/suman/Q-learning/build/turtlebot3_example/build/lib/turtlebot3_example/turtlebot3_obstacle_detection/main.py -> /home/suman/Q-learning/install/turtlebot3_example/lib/python3.8/site-packages/turtlebot3_example/turtlebot3_obstacle_detection
[1.372s] copying /home/suman/Q-learning/build/turtlebot3_example/build/lib/turtlebot3_example/turtlebot3_obstacle_detection/__init__.py -> /home/suman/Q-learning/install/turtlebot3_example/lib/python3.8/site-packages/turtlebot3_example/turtlebot3_obstacle_detection
[1.372s] copying /home/suman/Q-learning/build/turtlebot3_example/build/lib/turtlebot3_example/turtlebot3_obstacle_detection/turtlebot3_obstacle_detection.py -> /home/suman/Q-learning/install/turtlebot3_example/lib/python3.8/site-packages/turtlebot3_example/turtlebot3_obstacle_detection
[1.372s] copying /home/suman/Q-learning/build/turtlebot3_example/build/lib/turtlebot3_example/__init__.py -> /home/suman/Q-learning/install/turtlebot3_example/lib/python3.8/site-packages/turtlebot3_example
[1.373s] byte-compiling /home/suman/Q-learning/install/turtlebot3_example/lib/python3.8/site-packages/turtlebot3_example/turtlebot3_patrol_server/turtlebot3_path.py to turtlebot3_path.cpython-38.pyc
[1.374s] byte-compiling /home/suman/Q-learning/install/turtlebot3_example/lib/python3.8/site-packages/turtlebot3_example/turtlebot3_patrol_server/main.py to main.cpython-38.pyc
[1.374s] byte-compiling /home/suman/Q-learning/install/turtlebot3_example/lib/python3.8/site-packages/turtlebot3_example/turtlebot3_patrol_server/turtlebot3_patrol_server.py to turtlebot3_patrol_server.cpython-38.pyc
[1.374s] byte-compiling /home/suman/Q-learning/install/turtlebot3_example/lib/python3.8/site-packages/turtlebot3_example/turtlebot3_patrol_server/__init__.py to __init__.cpython-38.pyc
[1.374s] byte-compiling /home/suman/Q-learning/install/turtlebot3_example/lib/python3.8/site-packages/turtlebot3_example/turtlebot3_position_control/turtlebot3_path.py to turtlebot3_path.cpython-38.pyc
[1.374s] byte-compiling /home/suman/Q-learning/install/turtlebot3_example/lib/python3.8/site-packages/turtlebot3_example/turtlebot3_position_control/turtlebot3_position_control.py to turtlebot3_position_control.cpython-38.pyc
[1.375s] byte-compiling /home/suman/Q-learning/install/turtlebot3_example/lib/python3.8/site-packages/turtlebot3_example/turtlebot3_position_control/main.py to main.cpython-38.pyc
[1.375s] byte-compiling /home/suman/Q-learning/install/turtlebot3_example/lib/python3.8/site-packages/turtlebot3_example/turtlebot3_position_control/__init__.py to __init__.cpython-38.pyc
[1.376s] byte-compiling /home/suman/Q-learning/install/turtlebot3_example/lib/python3.8/site-packages/turtlebot3_example/turtlebot3_patrol_client/main.py to main.cpython-38.pyc
[1.377s] byte-compiling /home/suman/Q-learning/install/turtlebot3_example/lib/python3.8/site-packages/turtlebot3_example/turtlebot3_patrol_client/__init__.py to __init__.cpython-38.pyc
[1.378s] byte-compiling /home/suman/Q-learning/install/turtlebot3_example/lib/python3.8/site-packages/turtlebot3_example/turtlebot3_patrol_client/turtlebot3_patrol_client.py to turtlebot3_patrol_client.cpython-38.pyc
[1.378s] byte-compiling /home/suman/Q-learning/install/turtlebot3_example/lib/python3.8/site-packages/turtlebot3_example/turtlebot3_obstacle_detection/main.py to main.cpython-38.pyc
[1.378s] byte-compiling /home/suman/Q-learning/install/turtlebot3_example/lib/python3.8/site-packages/turtlebot3_example/turtlebot3_obstacle_detection/__init__.py to __init__.cpython-38.pyc
[1.379s] byte-compiling /home/suman/Q-learning/install/turtlebot3_example/lib/python3.8/site-packages/turtlebot3_example/turtlebot3_obstacle_detection/turtlebot3_obstacle_detection.py to turtlebot3_obstacle_detection.cpython-38.pyc
[1.379s] byte-compiling /home/suman/Q-learning/install/turtlebot3_example/lib/python3.8/site-packages/turtlebot3_example/__init__.py to __init__.cpython-38.pyc
[1.380s] running install_data
[1.380s] creating /home/suman/Q-learning/install/turtlebot3_example/share/ament_index
[1.380s] creating /home/suman/Q-learning/install/turtlebot3_example/share/ament_index/resource_index
[1.380s] creating /home/suman/Q-learning/install/turtlebot3_example/share/ament_index/resource_index/packages
[1.381s] copying resource/turtlebot3_example -> /home/suman/Q-learning/install/turtlebot3_example/share/ament_index/resource_index/packages
[1.381s] copying package.xml -> /home/suman/Q-learning/install/turtlebot3_example/share/turtlebot3_example
[1.381s] running install_egg_info
[1.381s] Copying ../../../build/turtlebot3_example/turtlebot3_example.egg-info to /home/suman/Q-learning/install/turtlebot3_example/lib/python3.8/site-packages/turtlebot3_example-2.1.4-py3.8.egg-info
[1.381s] running install_scripts
[1.388s] Installing turtlebot3_obstacle_detection script to /home/suman/Q-learning/install/turtlebot3_example/lib/turtlebot3_example
[1.390s] Installing turtlebot3_patrol_client script to /home/suman/Q-learning/install/turtlebot3_example/lib/turtlebot3_example
[1.390s] Installing turtlebot3_patrol_server script to /home/suman/Q-learning/install/turtlebot3_example/lib/turtlebot3_example
[1.390s] Installing turtlebot3_position_control script to /home/suman/Q-learning/install/turtlebot3_example/lib/turtlebot3_example
[1.390s] writing list of installed files to '/home/suman/Q-learning/build/turtlebot3_example/install.log'
[1.435s] Invoked command in '/home/suman/Q-learning/src/turtlebot3/turtlebot3_example' returned '0': PYTHONPATH=/home/suman/Q-learning/install/turtlebot3_example/lib/python3.8/site-packages:${PYTHONPATH} /usr/bin/python3 setup.py egg_info --egg-base ../../../build/turtlebot3_example build --build-base /home/suman/Q-learning/build/turtlebot3_example/build install --prefix /home/suman/Q-learning/install/turtlebot3_example --record /home/suman/Q-learning/build/turtlebot3_example/install.log --single-version-externally-managed
