[0.013s] Invoking command in '/home/suman/Q-learning/build/turtlebot3_simulations': AMENT_PREFIX_PATH=/home/suman/Q-learning/install/turtlebot3_gazebo:/home/suman/Q-learning/install/turtlebot3_fake_node:/home/suman/Q-learning/install/turtlebot3_description:${AMENT_PREFIX_PATH} CMAKE_PREFIX_PATH=/home/suman/Q-learning/install/turtlebot3_gazebo:/home/suman/Q-learning/install/turtlebot3_fake_node:/home/suman/Q-learning/install/turtlebot3_description:/opt/ros/foxy /usr/bin/cmake /home/suman/Q-learning/src/turtlebot3_simulations/turtlebot3_simulations -DCMAKE_INSTALL_PREFIX=/home/suman/Q-learning/install/turtlebot3_simulations
[0.079s] -- The C compiler identification is GNU 9.4.0
[0.147s] -- The CXX compiler identification is GNU 9.4.0
[0.154s] -- Check for working C compiler: /usr/bin/cc
[0.252s] -- Check for working C compiler: /usr/bin/cc -- works
[0.254s] -- Detecting C compiler ABI info
[0.348s] -- Detecting C compiler ABI info - done
[0.361s] -- Detecting C compile features
[0.361s] -- Detecting C compile features - done
[0.363s] -- Check for working CXX compiler: /usr/bin/c++
[0.465s] -- Check for working CXX compiler: /usr/bin/c++ -- works
[0.467s] -- Detecting CXX compiler ABI info
[0.581s] -- Detecting CXX compiler ABI info - done
[0.594s] -- Detecting CXX compile features
[0.594s] -- Detecting CXX compile features - done
[0.596s] -- Found ament_cmake: 0.9.9 (/opt/ros/foxy/share/ament_cmake/cmake)
[0.626s] -- Found PythonInterp: /usr/bin/python3 (found suitable version "3.8.10", minimum required is "3") 
[0.627s] -- Using PYTHON_EXECUTABLE: /usr/bin/python3
[0.873s] -- Configuring done
[0.874s] -- Generating done
[0.875s] -- Build files have been written to: /home/suman/Q-learning/build/turtlebot3_simulations
[0.878s] Invoked command in '/home/suman/Q-learning/build/turtlebot3_simulations' returned '0': AMENT_PREFIX_PATH=/home/suman/Q-learning/install/turtlebot3_gazebo:/home/suman/Q-learning/install/turtlebot3_fake_node:/home/suman/Q-learning/install/turtlebot3_description:${AMENT_PREFIX_PATH} CMAKE_PREFIX_PATH=/home/suman/Q-learning/install/turtlebot3_gazebo:/home/suman/Q-learning/install/turtlebot3_fake_node:/home/suman/Q-learning/install/turtlebot3_description:/opt/ros/foxy /usr/bin/cmake /home/suman/Q-learning/src/turtlebot3_simulations/turtlebot3_simulations -DCMAKE_INSTALL_PREFIX=/home/suman/Q-learning/install/turtlebot3_simulations
[0.882s] Invoking command in '/home/suman/Q-learning/build/turtlebot3_simulations': AMENT_PREFIX_PATH=/home/suman/Q-learning/install/turtlebot3_gazebo:/home/suman/Q-learning/install/turtlebot3_fake_node:/home/suman/Q-learning/install/turtlebot3_description:${AMENT_PREFIX_PATH} CMAKE_PREFIX_PATH=/home/suman/Q-learning/install/turtlebot3_gazebo:/home/suman/Q-learning/install/turtlebot3_fake_node:/home/suman/Q-learning/install/turtlebot3_description:/opt/ros/foxy /usr/bin/cmake --build /home/suman/Q-learning/build/turtlebot3_simulations -- -j12 -l12
[0.922s] Invoked command in '/home/suman/Q-learning/build/turtlebot3_simulations' returned '0': AMENT_PREFIX_PATH=/home/suman/Q-learning/install/turtlebot3_gazebo:/home/suman/Q-learning/install/turtlebot3_fake_node:/home/suman/Q-learning/install/turtlebot3_description:${AMENT_PREFIX_PATH} CMAKE_PREFIX_PATH=/home/suman/Q-learning/install/turtlebot3_gazebo:/home/suman/Q-learning/install/turtlebot3_fake_node:/home/suman/Q-learning/install/turtlebot3_description:/opt/ros/foxy /usr/bin/cmake --build /home/suman/Q-learning/build/turtlebot3_simulations -- -j12 -l12
[0.950s] Invoking command in '/home/suman/Q-learning/build/turtlebot3_simulations': AMENT_PREFIX_PATH=/home/suman/Q-learning/install/turtlebot3_gazebo:/home/suman/Q-learning/install/turtlebot3_fake_node:/home/suman/Q-learning/install/turtlebot3_description:${AMENT_PREFIX_PATH} CMAKE_PREFIX_PATH=/home/suman/Q-learning/install/turtlebot3_gazebo:/home/suman/Q-learning/install/turtlebot3_fake_node:/home/suman/Q-learning/install/turtlebot3_description:/opt/ros/foxy /usr/bin/cmake --install /home/suman/Q-learning/build/turtlebot3_simulations
[0.958s] -- Install configuration: ""
[0.958s] -- Installing: /home/suman/Q-learning/install/turtlebot3_simulations/share/ament_index/resource_index/package_run_dependencies/turtlebot3_simulations
[0.958s] -- Installing: /home/suman/Q-learning/install/turtlebot3_simulations/share/ament_index/resource_index/parent_prefix_path/turtlebot3_simulations
[0.959s] -- Installing: /home/suman/Q-learning/install/turtlebot3_simulations/share/turtlebot3_simulations/environment/ament_prefix_path.sh
[0.959s] -- Installing: /home/suman/Q-learning/install/turtlebot3_simulations/share/turtlebot3_simulations/environment/ament_prefix_path.dsv
[0.959s] -- Installing: /home/suman/Q-learning/install/turtlebot3_simulations/share/turtlebot3_simulations/environment/path.sh
[0.960s] -- Installing: /home/suman/Q-learning/install/turtlebot3_simulations/share/turtlebot3_simulations/environment/path.dsv
[0.960s] -- Installing: /home/suman/Q-learning/install/turtlebot3_simulations/share/turtlebot3_simulations/local_setup.bash
[0.961s] -- Installing: /home/suman/Q-learning/install/turtlebot3_simulations/share/turtlebot3_simulations/local_setup.sh
[0.961s] -- Installing: /home/suman/Q-learning/install/turtlebot3_simulations/share/turtlebot3_simulations/local_setup.zsh
[0.961s] -- Installing: /home/suman/Q-learning/install/turtlebot3_simulations/share/turtlebot3_simulations/local_setup.dsv
[0.962s] -- Installing: /home/suman/Q-learning/install/turtlebot3_simulations/share/turtlebot3_simulations/package.dsv
[0.962s] -- Installing: /home/suman/Q-learning/install/turtlebot3_simulations/share/ament_index/resource_index/packages/turtlebot3_simulations
[0.962s] -- Installing: /home/suman/Q-learning/install/turtlebot3_simulations/share/turtlebot3_simulations/cmake/turtlebot3_simulationsConfig.cmake
[0.962s] -- Installing: /home/suman/Q-learning/install/turtlebot3_simulations/share/turtlebot3_simulations/cmake/turtlebot3_simulationsConfig-version.cmake
[0.962s] -- Installing: /home/suman/Q-learning/install/turtlebot3_simulations/share/turtlebot3_simulations/package.xml
[0.966s] Invoked command in '/home/suman/Q-learning/build/turtlebot3_simulations' returned '0': AMENT_PREFIX_PATH=/home/suman/Q-learning/install/turtlebot3_gazebo:/home/suman/Q-learning/install/turtlebot3_fake_node:/home/suman/Q-learning/install/turtlebot3_description:${AMENT_PREFIX_PATH} CMAKE_PREFIX_PATH=/home/suman/Q-learning/install/turtlebot3_gazebo:/home/suman/Q-learning/install/turtlebot3_fake_node:/home/suman/Q-learning/install/turtlebot3_description:/opt/ros/foxy /usr/bin/cmake --install /home/suman/Q-learning/build/turtlebot3_simulations
