[0.245s] Invoking command in '/home/suman/Q-learning/build/turtlebot3_fake_node': CMAKE_PREFIX_PATH=/opt/ros/foxy /usr/bin/cmake /home/suman/Q-learning/src/turtlebot3_simulations/turtlebot3_fake_node -DCMAKE_INSTALL_PREFIX=/home/suman/Q-learning/install/turtlebot3_fake_node
[0.317s] -- The C compiler identification is GNU 9.4.0
[0.382s] -- The CXX compiler identification is GNU 9.4.0
[0.386s] -- Check for working C compiler: /usr/bin/cc
[0.469s] -- Check for working C compiler: /usr/bin/cc -- works
[0.470s] -- Detecting C compiler ABI info
[0.552s] -- Detecting C compiler ABI info - done
[0.564s] -- Detecting C compile features
[0.565s] -- Detecting C compile features - done
[0.568s] -- Check for working CXX compiler: /usr/bin/c++
[0.675s] -- Check for working CXX compiler: /usr/bin/c++ -- works
[0.677s] -- Detecting CXX compiler ABI info
[0.794s] -- Detecting CXX compiler ABI info - done
[0.809s] -- Detecting CXX compile features
[0.810s] -- Detecting CXX compile features - done
[0.813s] -- Found ament_cmake: 0.9.9 (/opt/ros/foxy/share/ament_cmake/cmake)
[0.849s] -- Found PythonInterp: /usr/bin/python3 (found suitable version "3.8.10", minimum required is "3") 
[0.849s] -- Using PYTHON_EXECUTABLE: /usr/bin/python3
[1.066s] -- Found geometry_msgs: 2.0.5 (/opt/ros/foxy/share/geometry_msgs/cmake)
[1.101s] -- Using all available rosidl_typesupport_c: rosidl_typesupport_fastrtps_c;rosidl_typesupport_introspection_c
[1.109s] -- Found rosidl_adapter: 1.2.1 (/opt/ros/foxy/share/rosidl_adapter/cmake)
[1.213s] -- Found OpenSSL: /usr/lib/x86_64-linux-gnu/libcrypto.so (found version "1.1.1f")  
[1.259s] -- Found FastRTPS: /opt/ros/foxy/include  
[1.372s] -- Using all available rosidl_typesupport_cpp: rosidl_typesupport_fastrtps_cpp;rosidl_typesupport_introspection_cpp
[1.452s] -- Found nav_msgs: 2.0.5 (/opt/ros/foxy/share/nav_msgs/cmake)
[1.525s] -- Found rclcpp: 2.4.1 (/opt/ros/foxy/share/rclcpp/cmake)
[1.577s] -- Found rmw_implementation_cmake: 1.0.3 (/opt/ros/foxy/share/rmw_implementation_cmake/cmake)
[1.580s] -- Using RMW implementation 'rmw_fastrtps_cpp' as default
[1.582s] -- Looking for pthread.h
[1.666s] -- Looking for pthread.h - found
[1.667s] -- Performing Test CMAKE_HAVE_LIBC_PTHREAD
[1.751s] -- Performing Test CMAKE_HAVE_LIBC_PTHREAD - Failed
[1.751s] -- Looking for pthread_create in pthreads
[1.814s] -- Looking for pthread_create in pthreads - not found
[1.814s] -- Looking for pthread_create in pthread
[1.896s] -- Looking for pthread_create in pthread - found
[1.897s] -- Found Threads: TRUE  
[2.024s] -- Found sensor_msgs: 2.0.5 (/opt/ros/foxy/share/sensor_msgs/cmake)
[2.091s] -- Found tf2: 0.13.13 (/opt/ros/foxy/share/tf2/cmake)
[2.105s] -- Found tf2_msgs: 0.13.13 (/opt/ros/foxy/share/tf2_msgs/cmake)
[2.292s] -- Found turtlebot3_msgs: 2.2.1 (/opt/ros/foxy/share/turtlebot3_msgs/cmake)
[2.452s] -- Configuring done
[2.464s] -- Generating done
[2.465s] -- Build files have been written to: /home/suman/Q-learning/build/turtlebot3_fake_node
[2.474s] Invoked command in '/home/suman/Q-learning/build/turtlebot3_fake_node' returned '0': CMAKE_PREFIX_PATH=/opt/ros/foxy /usr/bin/cmake /home/suman/Q-learning/src/turtlebot3_simulations/turtlebot3_fake_node -DCMAKE_INSTALL_PREFIX=/home/suman/Q-learning/install/turtlebot3_fake_node
[2.478s] Invoking command in '/home/suman/Q-learning/build/turtlebot3_fake_node': CMAKE_PREFIX_PATH=/opt/ros/foxy /usr/bin/cmake --build /home/suman/Q-learning/build/turtlebot3_fake_node -- -j12 -l12
[2.515s] [35m[1mScanning dependencies of target turtlebot3_fake_node[0m
[2.607s] [ 50%] [32mBuilding CXX object CMakeFiles/turtlebot3_fake_node.dir/src/turtlebot3_fake_node.cpp.o[0m
[13.401s] [100%] [32m[1mLinking CXX executable turtlebot3_fake_node[0m
[14.217s] [100%] Built target turtlebot3_fake_node
[14.233s] Invoked command in '/home/suman/Q-learning/build/turtlebot3_fake_node' returned '0': CMAKE_PREFIX_PATH=/opt/ros/foxy /usr/bin/cmake --build /home/suman/Q-learning/build/turtlebot3_fake_node -- -j12 -l12
[14.268s] Invoking command in '/home/suman/Q-learning/build/turtlebot3_fake_node': CMAKE_PREFIX_PATH=/opt/ros/foxy /usr/bin/cmake --install /home/suman/Q-learning/build/turtlebot3_fake_node
[14.280s] -- Install configuration: ""
[14.281s] -- Installing: /home/suman/Q-learning/install/turtlebot3_fake_node/lib/turtlebot3_fake_node/turtlebot3_fake_node
[14.285s] -- Set runtime path of "/home/suman/Q-learning/install/turtlebot3_fake_node/lib/turtlebot3_fake_node/turtlebot3_fake_node" to ""
[14.285s] -- Installing: /home/suman/Q-learning/install/turtlebot3_fake_node/share/turtlebot3_fake_node/launch
[14.285s] -- Installing: /home/suman/Q-learning/install/turtlebot3_fake_node/share/turtlebot3_fake_node/launch/turtlebot3_fake_node.launch.py
[14.285s] -- Installing: /home/suman/Q-learning/install/turtlebot3_fake_node/share/turtlebot3_fake_node/launch/rviz2.launch.py
[14.285s] -- Installing: /home/suman/Q-learning/install/turtlebot3_fake_node/share/turtlebot3_fake_node/param
[14.286s] -- Installing: /home/suman/Q-learning/install/turtlebot3_fake_node/share/turtlebot3_fake_node/param/waffle.yaml
[14.286s] -- Installing: /home/suman/Q-learning/install/turtlebot3_fake_node/share/turtlebot3_fake_node/param/waffle_pi.yaml
[14.286s] -- Installing: /home/suman/Q-learning/install/turtlebot3_fake_node/share/turtlebot3_fake_node/param/burger.yaml
[14.286s] -- Installing: /home/suman/Q-learning/install/turtlebot3_fake_node/share/turtlebot3_fake_node/rviz
[14.286s] -- Installing: /home/suman/Q-learning/install/turtlebot3_fake_node/share/turtlebot3_fake_node/rviz/model.rviz
[14.287s] -- Installing: /home/suman/Q-learning/install/turtlebot3_fake_node/include/
[14.287s] -- Installing: /home/suman/Q-learning/install/turtlebot3_fake_node/include//turtlebot3_fake_node
[14.288s] -- Installing: /home/suman/Q-learning/install/turtlebot3_fake_node/include//turtlebot3_fake_node/turtlebot3_fake_node.hpp
[14.288s] -- Installing: /home/suman/Q-learning/install/turtlebot3_fake_node/share/ament_index/resource_index/package_run_dependencies/turtlebot3_fake_node
[14.288s] -- Installing: /home/suman/Q-learning/install/turtlebot3_fake_node/share/ament_index/resource_index/parent_prefix_path/turtlebot3_fake_node
[14.288s] -- Installing: /home/suman/Q-learning/install/turtlebot3_fake_node/share/turtlebot3_fake_node/environment/ament_prefix_path.sh
[14.288s] -- Installing: /home/suman/Q-learning/install/turtlebot3_fake_node/share/turtlebot3_fake_node/environment/ament_prefix_path.dsv
[14.288s] -- Installing: /home/suman/Q-learning/install/turtlebot3_fake_node/share/turtlebot3_fake_node/environment/path.sh
[14.288s] -- Installing: /home/suman/Q-learning/install/turtlebot3_fake_node/share/turtlebot3_fake_node/environment/path.dsv
[14.288s] -- Installing: /home/suman/Q-learning/install/turtlebot3_fake_node/share/turtlebot3_fake_node/local_setup.bash
[14.289s] -- Installing: /home/suman/Q-learning/install/turtlebot3_fake_node/share/turtlebot3_fake_node/local_setup.sh
[14.289s] -- Installing: /home/suman/Q-learning/install/turtlebot3_fake_node/share/turtlebot3_fake_node/local_setup.zsh
[14.289s] -- Installing: /home/suman/Q-learning/install/turtlebot3_fake_node/share/turtlebot3_fake_node/local_setup.dsv
[14.289s] -- Installing: /home/suman/Q-learning/install/turtlebot3_fake_node/share/turtlebot3_fake_node/package.dsv
[14.289s] -- Installing: /home/suman/Q-learning/install/turtlebot3_fake_node/share/ament_index/resource_index/packages/turtlebot3_fake_node
[14.289s] -- Installing: /home/suman/Q-learning/install/turtlebot3_fake_node/share/turtlebot3_fake_node/cmake/ament_cmake_export_include_directories-extras.cmake
[14.289s] -- Installing: /home/suman/Q-learning/install/turtlebot3_fake_node/share/turtlebot3_fake_node/cmake/ament_cmake_export_dependencies-extras.cmake
[14.289s] -- Installing: /home/suman/Q-learning/install/turtlebot3_fake_node/share/turtlebot3_fake_node/cmake/turtlebot3_fake_nodeConfig.cmake
[14.289s] -- Installing: /home/suman/Q-learning/install/turtlebot3_fake_node/share/turtlebot3_fake_node/cmake/turtlebot3_fake_nodeConfig-version.cmake
[14.289s] -- Installing: /home/suman/Q-learning/install/turtlebot3_fake_node/share/turtlebot3_fake_node/package.xml
[14.292s] Invoked command in '/home/suman/Q-learning/build/turtlebot3_fake_node' returned '0': CMAKE_PREFIX_PATH=/opt/ros/foxy /usr/bin/cmake --install /home/suman/Q-learning/build/turtlebot3_fake_node
