[0.014s] Invoking command in '/home/suman/Q-learning/build/turtlebot3_bringup': AMENT_PREFIX_PATH=/home/suman/Q-learning/install/turtlebot3_node:/home/suman/Q-learning/install/turtlebot3_description:${AMENT_PREFIX_PATH} CMAKE_PREFIX_PATH=/home/suman/Q-learning/install/turtlebot3_node:/home/suman/Q-learning/install/turtlebot3_description:/opt/ros/foxy /usr/bin/cmake /home/suman/Q-learning/src/turtlebot3/turtlebot3_bringup -DCMAKE_INSTALL_PREFIX=/home/suman/Q-learning/install/turtlebot3_bringup
[0.068s] -- The C compiler identification is GNU 9.4.0
[0.132s] -- The CXX compiler identification is GNU 9.4.0
[0.140s] -- Check for working C compiler: /usr/bin/cc
[0.223s] -- Check for working C compiler: /usr/bin/cc -- works
[0.225s] -- Detecting C compiler ABI info
[0.307s] -- Detecting C compiler ABI info - done
[0.322s] -- Detecting C compile features
[0.322s] -- Detecting C compile features - done
[0.324s] -- Check for working CXX compiler: /usr/bin/c++
[0.422s] -- Check for working CXX compiler: /usr/bin/c++ -- works
[0.425s] -- Detecting CXX compiler ABI info
[0.521s] -- Detecting CXX compiler ABI info - done
[0.538s] -- Detecting CXX compile features
[0.538s] -- Detecting CXX compile features - done
[0.540s] -- Found ament_cmake: 0.9.9 (/opt/ros/foxy/share/ament_cmake/cmake)
[0.568s] -- Found PythonInterp: /usr/bin/python3 (found suitable version "3.8.10", minimum required is "3") 
[0.568s] -- Using PYTHON_EXECUTABLE: /usr/bin/python3
[0.795s] -- Configuring done
[0.799s] -- Generating done
[0.800s] -- Build files have been written to: /home/suman/Q-learning/build/turtlebot3_bringup
[0.804s] Invoked command in '/home/suman/Q-learning/build/turtlebot3_bringup' returned '0': AMENT_PREFIX_PATH=/home/suman/Q-learning/install/turtlebot3_node:/home/suman/Q-learning/install/turtlebot3_description:${AMENT_PREFIX_PATH} CMAKE_PREFIX_PATH=/home/suman/Q-learning/install/turtlebot3_node:/home/suman/Q-learning/install/turtlebot3_description:/opt/ros/foxy /usr/bin/cmake /home/suman/Q-learning/src/turtlebot3/turtlebot3_bringup -DCMAKE_INSTALL_PREFIX=/home/suman/Q-learning/install/turtlebot3_bringup
[0.809s] Invoking command in '/home/suman/Q-learning/build/turtlebot3_bringup': AMENT_PREFIX_PATH=/home/suman/Q-learning/install/turtlebot3_node:/home/suman/Q-learning/install/turtlebot3_description:${AMENT_PREFIX_PATH} CMAKE_PREFIX_PATH=/home/suman/Q-learning/install/turtlebot3_node:/home/suman/Q-learning/install/turtlebot3_description:/opt/ros/foxy /usr/bin/cmake --build /home/suman/Q-learning/build/turtlebot3_bringup -- -j12 -l12
[0.848s] Invoked command in '/home/suman/Q-learning/build/turtlebot3_bringup' returned '0': AMENT_PREFIX_PATH=/home/suman/Q-learning/install/turtlebot3_node:/home/suman/Q-learning/install/turtlebot3_description:${AMENT_PREFIX_PATH} CMAKE_PREFIX_PATH=/home/suman/Q-learning/install/turtlebot3_node:/home/suman/Q-learning/install/turtlebot3_description:/opt/ros/foxy /usr/bin/cmake --build /home/suman/Q-learning/build/turtlebot3_bringup -- -j12 -l12
[0.879s] Invoking command in '/home/suman/Q-learning/build/turtlebot3_bringup': AMENT_PREFIX_PATH=/home/suman/Q-learning/install/turtlebot3_node:/home/suman/Q-learning/install/turtlebot3_description:${AMENT_PREFIX_PATH} CMAKE_PREFIX_PATH=/home/suman/Q-learning/install/turtlebot3_node:/home/suman/Q-learning/install/turtlebot3_description:/opt/ros/foxy /usr/bin/cmake --install /home/suman/Q-learning/build/turtlebot3_bringup
[0.887s] -- Install configuration: ""
[0.887s] -- Installing: /home/suman/Q-learning/install/turtlebot3_bringup/share/turtlebot3_bringup/launch
[0.888s] -- Installing: /home/suman/Q-learning/install/turtlebot3_bringup/share/turtlebot3_bringup/launch/turtlebot3_state_publisher.launch.py
[0.888s] -- Installing: /home/suman/Q-learning/install/turtlebot3_bringup/share/turtlebot3_bringup/launch/robot.launch.py
[0.888s] -- Installing: /home/suman/Q-learning/install/turtlebot3_bringup/share/turtlebot3_bringup/launch/rviz2.launch.py
[0.888s] -- Installing: /home/suman/Q-learning/install/turtlebot3_bringup/share/turtlebot3_bringup/param
[0.888s] -- Installing: /home/suman/Q-learning/install/turtlebot3_bringup/share/turtlebot3_bringup/param/waffle.yaml
[0.888s] -- Installing: /home/suman/Q-learning/install/turtlebot3_bringup/share/turtlebot3_bringup/param/waffle_pi.yaml
[0.888s] -- Installing: /home/suman/Q-learning/install/turtlebot3_bringup/share/turtlebot3_bringup/param/burger.yaml
[0.888s] -- Installing: /home/suman/Q-learning/install/turtlebot3_bringup/share/turtlebot3_bringup/script
[0.888s] -- Installing: /home/suman/Q-learning/install/turtlebot3_bringup/share/turtlebot3_bringup/script/99-turtlebot3-cdc.rules
[0.888s] -- Installing: /home/suman/Q-learning/install/turtlebot3_bringup/share/turtlebot3_bringup/script/create_udev_rules
[0.888s] -- Installing: /home/suman/Q-learning/install/turtlebot3_bringup/share/ament_index/resource_index/package_run_dependencies/turtlebot3_bringup
[0.888s] -- Installing: /home/suman/Q-learning/install/turtlebot3_bringup/share/ament_index/resource_index/parent_prefix_path/turtlebot3_bringup
[0.889s] -- Installing: /home/suman/Q-learning/install/turtlebot3_bringup/share/turtlebot3_bringup/environment/ament_prefix_path.sh
[0.889s] -- Installing: /home/suman/Q-learning/install/turtlebot3_bringup/share/turtlebot3_bringup/environment/ament_prefix_path.dsv
[0.889s] -- Installing: /home/suman/Q-learning/install/turtlebot3_bringup/share/turtlebot3_bringup/environment/path.sh
[0.889s] -- Installing: /home/suman/Q-learning/install/turtlebot3_bringup/share/turtlebot3_bringup/environment/path.dsv
[0.889s] -- Installing: /home/suman/Q-learning/install/turtlebot3_bringup/share/turtlebot3_bringup/local_setup.bash
[0.889s] -- Installing: /home/suman/Q-learning/install/turtlebot3_bringup/share/turtlebot3_bringup/local_setup.sh
[0.889s] -- Installing: /home/suman/Q-learning/install/turtlebot3_bringup/share/turtlebot3_bringup/local_setup.zsh
[0.889s] -- Installing: /home/suman/Q-learning/install/turtlebot3_bringup/share/turtlebot3_bringup/local_setup.dsv
[0.889s] -- Installing: /home/suman/Q-learning/install/turtlebot3_bringup/share/turtlebot3_bringup/package.dsv
[0.889s] -- Installing: /home/suman/Q-learning/install/turtlebot3_bringup/share/ament_index/resource_index/packages/turtlebot3_bringup
[0.889s] -- Installing: /home/suman/Q-learning/install/turtlebot3_bringup/share/turtlebot3_bringup/cmake/turtlebot3_bringupConfig.cmake
[0.889s] -- Installing: /home/suman/Q-learning/install/turtlebot3_bringup/share/turtlebot3_bringup/cmake/turtlebot3_bringupConfig-version.cmake
[0.889s] -- Installing: /home/suman/Q-learning/install/turtlebot3_bringup/share/turtlebot3_bringup/package.xml
[0.892s] Invoked command in '/home/suman/Q-learning/build/turtlebot3_bringup' returned '0': AMENT_PREFIX_PATH=/home/suman/Q-learning/install/turtlebot3_node:/home/suman/Q-learning/install/turtlebot3_description:${AMENT_PREFIX_PATH} CMAKE_PREFIX_PATH=/home/suman/Q-learning/install/turtlebot3_node:/home/suman/Q-learning/install/turtlebot3_description:/opt/ros/foxy /usr/bin/cmake --install /home/suman/Q-learning/build/turtlebot3_bringup
